🚀 COMPREHENSIVE RETURN BACKFILL

════════════════════════════════════════════════════════════════════════════════

📊 Found 432 filings needing return backfill

[1/432 - 0.2%] PG (10-Q on 2023-10-18)
  ✅ 7d: 2.49%, 30d: 4.49%
[2/432 - 0.5%] NFLX (10-Q on 2023-10-20)
  ✅ 7d: 0.44%, 30d: 15.96%
[3/432 - 0.7%] TSLA (10-Q on 2023-10-23)
  ✅ 7d: -6.94%, 30d: 13.73%
[4/432 - 0.9%] KO (10-Q on 2023-10-24)
  ✅ 7d: 3.83%, 30d: 8.03%
[5/432 - 1.2%] MSFT (10-Q on 2023-10-24)
  ✅ 7d: 2.43%, 30d: 14.74%
[6/432 - 1.4%] GOOG (10-Q on 2023-10-25)
  ✅ 7d: -10.58%, 30d: -1.36%
[7/432 - 1.6%] TMUS (10-Q on 2023-10-25)
  ✅ 7d: 1.98%, 30d: 5.61%
[8/432 - 1.9%] VZ (10-Q on 2023-10-26)
  ✅ 7d: 5.08%, 30d: 11.04%
[9/432 - 2.1%] MA (10-Q on 2023-10-26)
  ✅ 7d: -2.20%, 30d: 6.78%
[10/432 - 2.3%] AMZN (10-Q on 2023-10-27)
  ✅ 7d: 15.47%, 30d: 22.72%
[11/432 - 2.5%] JNJ (10-Q on 2023-10-27)
  ✅ 7d: 0.83%, 30d: 2.35%
[12/432 - 2.8%] WFC (10-Q on 2023-10-31)
  ✅ 7d: 4.84%, 30d: 11.03%
[13/432 - 3.0%] XOM (10-Q on 2023-10-31)
  ✅ 7d: -0.01%, 30d: -3.34%
[14/432 - 3.2%] QCOM (10-K on 2023-11-01)
  ✅ 7d: 10.76%, 30d: 18.41%
[15/432 - 3.5%] ABT (10-Q on 2023-11-01)
  ✅ 7d: 0.26%, 30d: 10.30%
[16/432 - 3.7%] AMD (10-Q on 2023-11-01)
  ✅ 7d: 15.18%, 30d: 23.01%
[17/432 - 3.9%] MCD (10-Q on 2023-11-02)
  ✅ 7d: 2.11%, 30d: 9.16%
[18/432 - 4.2%] CVX (10-Q on 2023-11-02)
  ✅ 7d: -1.10%, 30d: 0.58%
[19/432 - 4.4%] COP (10-Q on 2023-11-02)
  ✅ 7d: -1.90%, 30d: -1.23%
[20/432 - 4.6%] LLY (10-Q on 2023-11-02)
  ✅ 7d: 11.66%, 30d: 5.33%
[21/432 - 4.9%] MRK (10-Q on 2023-11-03)
  ✅ 7d: -0.46%, 30d: 0.59%
[22/432 - 5.1%] TMO (10-Q on 2023-11-03)
  ✅ 7d: -0.74%, 30d: 10.85%
[23/432 - 5.3%] AAPL (10-K on 2023-11-03)
  ✅ 7d: 2.73%, 30d: 7.70%
[24/432 - 5.6%] ABBV (10-Q on 2023-11-06)
  ✅ 7d: -1.81%, 30d: 2.39%
[25/432 - 5.8%] BRK.B (10-Q on 2023-11-06)
    Error fetching price for BRK.B: No data found, symbol may be delisted
  ⚠️  No price data available
[26/432 - 6.0%] UNH (10-Q on 2023-11-06)
  ✅ 7d: 1.71%, 30d: 3.15%
[27/432 - 6.3%] PFE (10-Q on 2023-11-08)
  ✅ 7d: -6.37%, 30d: -8.38%
[28/432 - 6.5%] V (10-K on 2023-11-15)
  ✅ 7d: 2.14%, 30d: 4.77%
[29/432 - 6.7%] NVDA (10-Q on 2023-11-21)
  ✅ 7d: -4.30%, 30d: -4.56%
[30/432 - 6.9%] DIS (10-K on 2023-11-21)
  ✅ 7d: 0.15%, 30d: -3.96%
[31/432 - 7.2%] CSCO (10-Q on 2023-11-21)
  ✅ 7d: -0.70%, 30d: 3.17%
[32/432 - 7.4%] HD (10-Q on 2023-11-21)
  ✅ 7d: 0.89%, 30d: 13.13%
[33/432 - 7.6%] CRM (10-Q on 2023-11-30)
  ✅ 7d: 8.15%, 30d: 14.23%
[34/432 - 7.9%] WMT (10-Q on 2023-11-30)
  ✅ 7d: -1.31%, 30d: 1.01%
[35/432 - 8.1%] ORCL (10-Q on 2023-12-12)
  ✅ 7d: -8.80%, 30d: -9.74%
[36/432 - 8.3%] AVGO (10-K on 2023-12-14)
  ✅ 7d: 1.90%, 30d: 1.65%
[37/432 - 8.6%] COST (10-Q on 2023-12-20)
  ✅ 7d: -0.46%, 30d: 1.41%
[38/432 - 8.8%] NKE (10-Q on 2024-01-05)
  ✅ 7d: 3.52%, 30d: -1.55%
[39/432 - 9.0%] ADBE (10-K on 2024-01-17)
  ✅ 7d: -0.08%, 30d: -1.21%
[40/432 - 9.3%] PG (10-Q on 2024-01-23)
  ✅ 7d: 5.61%, 30d: 8.48%
[41/432 - 9.5%] V (10-Q on 2024-01-26)
  ✅ 7d: 1.63%, 30d: 4.03%
[42/432 - 9.7%] NFLX (10-K on 2024-01-26)
  ✅ 7d: 0.98%, 30d: 3.84%
[43/432 - 10.0%] TSLA (10-K on 2024-01-29)
  ✅ 7d: -5.17%, 30d: 4.61%
[44/432 - 10.2%] MSFT (10-Q on 2024-01-30)
  ✅ 7d: -0.99%, 30d: -0.49%
[45/432 - 10.4%] QCOM (10-Q on 2024-01-31)
  ✅ 7d: -1.29%, 30d: 8.09%
[46/432 - 10.6%] GOOG (10-K on 2024-01-31)
  ✅ 7d: -4.99%, 30d: -8.67%
[47/432 - 10.9%] AMD (10-K on 2024-01-31)
  ✅ 7d: -2.43%, 30d: 11.90%
[48/432 - 11.1%] AMZN (10-K on 2024-02-02)
  ✅ 7d: 6.63%, 30d: 11.89%
[49/432 - 11.3%] META (10-K on 2024-02-02)
  ✅ 7d: 19.05%, 30d: 27.24%
[50/432 - 11.6%] TMUS (10-K on 2024-02-02)
  ✅ 7d: -0.97%, 30d: 0.54%

📈 Progress: 50/432 (49 successful, 0 errors)

[51/432 - 11.8%] AAPL (10-Q on 2024-02-02)
  ✅ 7d: 0.78%, 30d: -3.85%
[52/432 - 12.0%] DIS (10-Q on 2024-02-07)
  ✅ 7d: 11.25%, 30d: 10.97%
[53/432 - 12.3%] PEP (10-K on 2024-02-09)
  ✅ 7d: -3.45%, 30d: -6.21%
[54/432 - 12.5%] VZ (10-K on 2024-02-09)
  ✅ 7d: 1.70%, 30d: -1.00%
[55/432 - 12.7%] MA (10-K on 2024-02-13)
  ✅ 7d: -1.52%, 30d: 3.68%
[56/432 - 13.0%] COP (10-K on 2024-02-15)
  ✅ 7d: 2.50%, 30d: 9.01%
[57/432 - 13.2%] JNJ (10-K on 2024-02-16)
  ✅ 7d: 1.60%, 30d: 0.16%
[58/432 - 13.4%] ABT (10-K on 2024-02-16)
  ✅ 7d: 4.73%, 30d: 1.63%
[59/432 - 13.7%] CSCO (10-Q on 2024-02-20)
  ✅ 7d: 0.25%, 30d: 2.63%
[60/432 - 13.9%] ABBV (10-K on 2024-02-20)
  ✅ 7d: 1.74%, 30d: 0.30%
[61/432 - 14.1%] KO (10-K on 2024-02-20)
  ✅ 7d: 0.02%, 30d: 0.08%
[62/432 - 14.4%] WFC (10-K on 2024-02-20)
  ✅ 7d: 4.56%, 30d: 10.68%
[63/432 - 14.6%] NVDA (10-K on 2024-02-21)
  ✅ 7d: 13.32%, 30d: 31.65%
[64/432 - 14.8%] LLY (10-K on 2024-02-21)
  ✅ 7d: 1.24%, 30d: 1.93%
[65/432 - 15.0%] MCD (10-K on 2024-02-22)
  ✅ 7d: 0.44%, 30d: -3.84%
[66/432 - 15.3%] PFE (10-K on 2024-02-22)
  ✅ 7d: -2.28%, 30d: -1.12%
[67/432 - 15.5%] TMO (10-K on 2024-02-22)
  ✅ 7d: 3.47%, 30d: 5.47%
[68/432 - 15.7%] BRK.B (10-K on 2024-02-26)
    Error fetching price for BRK.B: No data found, symbol may be delisted
  ⚠️  No price data available
[69/432 - 16.0%] MRK (10-K on 2024-02-26)
  ✅ 7d: -3.72%, 30d: -2.58%
[70/432 - 16.2%] CVX (10-K on 2024-02-26)
  ✅ 7d: -3.61%, 30d: 0.53%
[71/432 - 16.4%] UNH (10-K on 2024-02-28)
  ✅ 7d: -7.84%, 30d: -3.65%
[72/432 - 16.7%] XOM (10-K on 2024-02-28)
  ✅ 7d: 1.55%, 30d: 11.74%
[73/432 - 16.9%] CRM (10-K on 2024-03-06)
  ✅ 7d: 2.63%, 30d: -1.54%
[74/432 - 17.1%] ORCL (10-Q on 2024-03-12)
  ✅ 7d: 11.98%, 30d: 6.68%
[75/432 - 17.4%] COST (10-Q on 2024-03-13)
  ✅ 7d: -0.64%, 30d: -0.61%
[76/432 - 17.6%] HD (10-K on 2024-03-13)
  ✅ 7d: 1.30%, 30d: -7.25%
[77/432 - 17.8%] AVGO (10-Q on 2024-03-14)
  ✅ 7d: 1.44%, 30d: 6.85%
[78/432 - 18.1%] WMT (10-K on 2024-03-15)
  ✅ 7d: 0.70%, 30d: -1.44%
[79/432 - 18.3%] ADBE (10-Q on 2024-03-27)
  ✅ 7d: -1.65%, 30d: -6.73%
[80/432 - 18.5%] NKE (10-Q on 2024-04-04)
  ✅ 7d: -1.47%, 30d: 2.01%
[81/432 - 18.8%] PG (10-Q on 2024-04-19)
  ✅ 7d: 3.34%, 30d: 6.58%
[82/432 - 19.0%] NFLX (10-Q on 2024-04-22)
  ✅ 7d: 0.88%, 30d: 17.31%
[83/432 - 19.2%] PEP (10-Q on 2024-04-23)
  ✅ 7d: -0.18%, 30d: 3.19%
[84/432 - 19.4%] TSLA (10-Q on 2024-04-24)
  ✅ 7d: 26.68%, 30d: 20.09%
[85/432 - 19.7%] V (10-Q on 2024-04-24)
  ✅ 7d: -2.01%, 30d: 0.04%
[86/432 - 19.9%] MSFT (10-Q on 2024-04-25)
  ✅ 7d: -3.45%, 30d: 5.16%
[87/432 - 20.1%] META (10-Q on 2024-04-25)
  ✅ 7d: -11.01%, 30d: -3.10%
[88/432 - 20.4%] VZ (10-Q on 2024-04-25)
  ✅ 7d: -0.73%, 30d: 0.63%
[89/432 - 20.6%] TMUS (10-Q on 2024-04-26)
  ✅ 7d: 0.52%, 30d: 1.19%
[90/432 - 20.8%] GOOG (10-Q on 2024-04-26)
  ✅ 7d: 6.65%, 30d: 11.64%
[91/432 - 21.1%] XOM (10-Q on 2024-04-29)
  ✅ 7d: -2.42%, 30d: -4.00%
[92/432 - 21.3%] LLY (10-Q on 2024-04-30)
  ✅ 7d: 4.00%, 30d: 10.08%
[93/432 - 21.5%] MA (10-Q on 2024-05-01)
  ✅ 7d: 0.41%, 30d: -2.02%
[94/432 - 21.8%] AMD (10-Q on 2024-05-01)
  ✅ 7d: -2.49%, 30d: 5.28%
[95/432 - 22.0%] JNJ (10-Q on 2024-05-01)
  ✅ 7d: 2.86%, 30d: 0.48%
[96/432 - 22.2%] AMZN (10-Q on 2024-05-01)
  ✅ 7d: 7.86%, 30d: 2.47%
[97/432 - 22.5%] QCOM (10-Q on 2024-05-01)
  ✅ 7d: 8.62%, 30d: 23.49%
[98/432 - 22.7%] WFC (10-Q on 2024-05-02)
  ✅ 7d: 2.87%, 30d: 0.67%
[99/432 - 22.9%] COP (10-Q on 2024-05-02)
  ✅ 7d: -1.03%, 30d: -6.32%
[100/432 - 23.1%] KO (10-Q on 2024-05-02)
  ✅ 7d: 1.49%, 30d: 1.61%

📈 Progress: 100/432 (98 successful, 0 errors)

[101/432 - 23.4%] CVX (10-Q on 2024-05-02)
  ✅ 7d: 1.82%, 30d: 1.67%
[102/432 - 23.6%] ABT (10-Q on 2024-05-02)
  ✅ 7d: -1.27%, 30d: -3.86%
[103/432 - 23.8%] AAPL (10-Q on 2024-05-03)
  ✅ 7d: 6.67%, 30d: 11.11%
[104/432 - 24.1%] MRK (10-Q on 2024-05-03)
  ✅ 7d: 1.54%, 30d: -2.12%
[105/432 - 24.3%] TMO (10-Q on 2024-05-03)
  ✅ 7d: 1.17%, 30d: -0.57%
[106/432 - 24.5%] ABBV (10-Q on 2024-05-03)
  ✅ 7d: -0.25%, 30d: 0.27%
[107/432 - 24.8%] BRK.B (10-Q on 2024-05-06)
    Error fetching price for BRK.B: No data found, symbol may be delisted
  ⚠️  No price data available
[108/432 - 25.0%] DIS (10-Q on 2024-05-07)
  ✅ 7d: -9.14%, 30d: -12.85%
[109/432 - 25.2%] PFE (10-Q on 2024-05-08)
  ✅ 7d: 2.20%, 30d: 3.71%
[110/432 - 25.5%] MCD (10-Q on 2024-05-08)
  ✅ 7d: 1.18%, 30d: -2.53%
[111/432 - 25.7%] UNH (10-Q on 2024-05-09)
  ✅ 7d: 2.85%, 30d: -2.49%
[112/432 - 25.9%] HD (10-Q on 2024-05-21)
  ✅ 7d: -2.70%, 30d: 4.62%
[113/432 - 26.2%] CSCO (10-Q on 2024-05-21)
  ✅ 7d: -1.80%, 30d: -0.87%
[114/432 - 26.4%] NVDA (10-Q on 2024-05-29)
  ✅ 7d: 2.23%, 30d: 8.86%
[115/432 - 26.6%] CRM (10-Q on 2024-05-30)
  ✅ 7d: -12.92%, 30d: -5.35%
[116/432 - 26.9%] COST (10-Q on 2024-06-06)
  ✅ 7d: 1.62%, 30d: 6.16%
[117/432 - 27.1%] WMT (10-Q on 2024-06-07)
  ✅ 7d: -0.67%, 30d: 4.30%
[118/432 - 27.3%] AVGO (10-Q on 2024-06-13)
  ✅ 7d: 15.98%, 30d: 13.72%
[119/432 - 27.5%] ORCL (10-K on 2024-06-20)
  ✅ 7d: -3.27%, 30d: -3.04%
[120/432 - 27.8%] ADBE (10-Q on 2024-06-26)
  ✅ 7d: 7.75%, 30d: 1.00%
[121/432 - 28.0%] PEP (10-Q on 2024-07-11)
  ✅ 7d: 3.85%, 30d: 5.38%
[122/432 - 28.2%] NFLX (10-Q on 2024-07-19)
  ✅ 7d: -1.39%, 30d: 4.83%
[123/432 - 28.5%] GOOG (10-Q on 2024-07-24)
  ✅ 7d: -6.39%, 30d: -9.86%
[124/432 - 28.7%] TSLA (10-Q on 2024-07-24)
  ✅ 7d: -9.64%, 30d: -14.50%
[125/432 - 28.9%] V (10-Q on 2024-07-24)
  ✅ 7d: -0.64%, 30d: 1.19%
[126/432 - 29.2%] NKE (10-K on 2024-07-25)
  ✅ 7d: 5.30%, 30d: 18.23%
[127/432 - 29.4%] JNJ (10-Q on 2024-07-25)
  ✅ 7d: 1.00%, 30d: 5.02%
[128/432 - 29.6%] VZ (10-Q on 2024-07-25)
  ✅ 7d: 2.14%, 30d: 3.88%
[129/432 - 29.9%] KO (10-Q on 2024-07-29)
  ✅ 7d: 1.90%, 30d: 6.99%
[130/432 - 30.1%] MSFT (10-K on 2024-07-30)
  ✅ 7d: -7.40%, 30d: -3.78%
[131/432 - 30.3%] ABT (10-Q on 2024-07-31)
  ✅ 7d: 3.97%, 30d: 7.06%
[132/432 - 30.6%] MA (10-Q on 2024-07-31)
  ✅ 7d: 0.19%, 30d: 7.45%
[133/432 - 30.8%] AMD (10-Q on 2024-07-31)
  ✅ 7d: -5.97%, 30d: 5.09%
[134/432 - 31.0%] TMUS (10-Q on 2024-07-31)
  ✅ 7d: 8.27%, 30d: 14.10%
[135/432 - 31.3%] QCOM (10-Q on 2024-07-31)
  ✅ 7d: -4.92%, 30d: 1.53%
[136/432 - 31.5%] WFC (10-Q on 2024-08-01)
  ✅ 7d: -11.88%, 30d: -1.47%
[137/432 - 31.7%] COP (10-Q on 2024-08-01)
  ✅ 7d: -3.84%, 30d: 2.33%
[138/432 - 31.9%] META (10-Q on 2024-08-01)
  ✅ 7d: 2.97%, 30d: 9.79%
[139/432 - 32.2%] TMO (10-Q on 2024-08-02)
  ✅ 7d: -3.49%, 30d: -1.08%
[140/432 - 32.4%] AAPL (10-Q on 2024-08-02)
  ✅ 7d: -2.31%, 30d: 4.87%
[141/432 - 32.6%] AMZN (10-Q on 2024-08-02)
  ✅ 7d: -9.93%, 30d: -3.03%
[142/432 - 32.9%] XOM (10-Q on 2024-08-05)
  ✅ 7d: 3.69%, 30d: 0.61%
[143/432 - 33.1%] PFE (10-Q on 2024-08-05)
  ✅ 7d: -4.34%, 30d: -4.84%
[144/432 - 33.3%] PG (10-K on 2024-08-05)
  ✅ 7d: -0.74%, 30d: 3.84%
[145/432 - 33.6%] MRK (10-Q on 2024-08-05)
  ✅ 7d: 1.04%, 30d: 3.80%
[146/432 - 33.8%] BRK.B (10-Q on 2024-08-05)
    Error fetching price for BRK.B: No data found, symbol may be delisted
  ⚠️  No price data available
[147/432 - 34.0%] DIS (10-Q on 2024-08-07)
  ✅ 7d: -4.86%, 30d: -1.47%
[148/432 - 34.3%] CVX (10-Q on 2024-08-07)
  ✅ 7d: 0.64%, 30d: -1.61%
[149/432 - 34.5%] ABBV (10-Q on 2024-08-07)
  ✅ 7d: 2.97%, 30d: 3.85%
[150/432 - 34.7%] LLY (10-Q on 2024-08-08)
  ✅ 7d: 20.66%, 30d: 16.91%

📈 Progress: 150/432 (146 successful, 0 errors)

[151/432 - 35.0%] MCD (10-Q on 2024-08-08)
  ✅ 7d: 0.66%, 30d: 7.48%
[152/432 - 35.2%] UNH (10-Q on 2024-08-09)
  ✅ 7d: 2.36%, 30d: 5.41%
[153/432 - 35.4%] HD (10-Q on 2024-08-20)
  ✅ 7d: 3.04%, 30d: 5.77%
[154/432 - 35.6%] NVDA (10-Q on 2024-08-28)
  ✅ 7d: -15.82%, 30d: -3.32%
[155/432 - 35.9%] CRM (10-Q on 2024-08-29)
  ✅ 7d: -4.33%, 30d: 6.85%
[156/432 - 36.1%] WMT (10-Q on 2024-08-30)
  ✅ 7d: 0.71%, 30d: 4.40%
[157/432 - 36.3%] CSCO (10-K on 2024-09-05)
  ✅ 7d: -1.19%, 30d: 6.14%
[158/432 - 36.6%] ORCL (10-Q on 2024-09-10)
  ✅ 7d: 21.76%, 30d: 27.45%
[159/432 - 36.8%] AVGO (10-Q on 2024-09-11)
  ✅ 7d: 9.62%, 30d: 25.29%
[160/432 - 37.0%] ADBE (10-Q on 2024-09-25)
  ✅ 7d: -4.06%, 30d: -7.86%
[161/432 - 37.3%] NKE (10-Q on 2024-10-07)
  ✅ 7d: 0.95%, 30d: -3.53%
[162/432 - 37.5%] PEP (10-Q on 2024-10-08)
  ✅ 7d: 5.32%, 30d: -1.50%
[163/432 - 37.7%] COST (10-K on 2024-10-09)
  ✅ 7d: 0.47%, 30d: 2.64%
[164/432 - 38.0%] PG (10-Q on 2024-10-18)
  ✅ 7d: -1.54%, 30d: -1.59%
[165/432 - 38.2%] NFLX (10-Q on 2024-10-18)
  ✅ 7d: 9.73%, 30d: 19.82%
[166/432 - 38.4%] TMUS (10-Q on 2024-10-23)
  ✅ 7d: 3.21%, 30d: 8.02%
[167/432 - 38.7%] JNJ (10-Q on 2024-10-23)
  ✅ 7d: -2.06%, 30d: -4.86%
[168/432 - 38.9%] TSLA (10-Q on 2024-10-24)
  ✅ 7d: 20.55%, 30d: 65.02%
[169/432 - 39.1%] KO (10-Q on 2024-10-24)
  ✅ 7d: -3.07%, 30d: -6.01%
[170/432 - 39.4%] VZ (10-Q on 2024-10-25)
  ✅ 7d: 0.65%, 30d: 3.08%
[171/432 - 39.6%] BAC (10-Q on 2024-10-29)
  ✅ 7d: -3.03%, 30d: 12.08%
[172/432 - 39.8%] MSFT (10-Q on 2024-10-30)
  ✅ 7d: -4.74%, 30d: -1.97%
[173/432 - 40.0%] AMD (10-Q on 2024-10-30)
  ✅ 7d: -14.79%, 30d: -17.49%
[174/432 - 40.3%] GOOG (10-Q on 2024-10-30)
  ✅ 7d: 0.16%, 30d: -0.38%
[175/432 - 40.5%] JPM (10-Q on 2024-10-30)
  ✅ 7d: -0.63%, 30d: 12.03%
[176/432 - 40.7%] LLY (10-Q on 2024-10-30)
  ✅ 7d: -10.79%, 30d: -11.98%
[177/432 - 41.0%] MA (10-Q on 2024-10-31)
  ✅ 7d: 1.45%, 30d: 3.75%
[178/432 - 41.2%] WFC (10-Q on 2024-10-31)
  ✅ 7d: 10.79%, 30d: 16.45%
[179/432 - 41.4%] ABT (10-Q on 2024-10-31)
  ✅ 7d: 2.05%, 30d: 3.77%
[180/432 - 41.7%] META (10-Q on 2024-10-31)
  ✅ 7d: -3.34%, 30d: -2.95%
[181/432 - 41.9%] COP (10-Q on 2024-10-31)
  ✅ 7d: 10.34%, 30d: 5.20%
[182/432 - 42.1%] AMZN (10-Q on 2024-11-01)
  ✅ 7d: 12.69%, 30d: 11.53%
[183/432 - 42.4%] TMO (10-Q on 2024-11-01)
  ✅ 7d: 1.75%, 30d: -3.05%
[184/432 - 42.6%] AAPL (10-K on 2024-11-01)
  ✅ 7d: 0.69%, 30d: 5.06%
[185/432 - 42.8%] UNH (10-Q on 2024-11-04)
  ✅ 7d: 12.10%, 30d: 8.51%
[186/432 - 43.1%] PFE (10-Q on 2024-11-04)
  ✅ 7d: -5.48%, 30d: -7.93%
[187/432 - 43.3%] XOM (10-Q on 2024-11-04)
  ✅ 7d: 1.57%, 30d: -0.79%
[188/432 - 43.5%] BRK.B (10-Q on 2024-11-04)
    Error fetching price for BRK.B: No data found, symbol may be delisted
  ⚠️  No price data available
[189/432 - 43.8%] ABBV (10-Q on 2024-11-04)
  ✅ 7d: -12.99%, 30d: -9.46%
[190/432 - 44.0%] QCOM (10-K on 2024-11-06)
  ✅ 7d: -1.51%, 30d: -3.33%
[191/432 - 44.2%] MRK (10-Q on 2024-11-06)
  ✅ 7d: -3.02%, 30d: 1.87%
[192/432 - 44.4%] MCD (10-Q on 2024-11-07)
  ✅ 7d: 1.14%, 30d: 1.69%
[193/432 - 44.7%] CVX (10-Q on 2024-11-07)
  ✅ 7d: 0.63%, 30d: -1.57%
[194/432 - 44.9%] V (10-K on 2024-11-13)
  ✅ 7d: 0.65%, 30d: 1.41%
[195/432 - 45.1%] DIS (10-K on 2024-11-14)
  ✅ 7d: 11.23%, 30d: 10.34%
[196/432 - 45.4%] CSCO (10-Q on 2024-11-19)
  ✅ 7d: 2.50%, 30d: 0.38%
[197/432 - 45.6%] HD (10-Q on 2024-11-19)
  ✅ 7d: 4.44%, 30d: -4.05%
[198/432 - 45.8%] NVDA (10-Q on 2024-11-20)
  ✅ 7d: -6.86%, 30d: -11.11%
[199/432 - 46.1%] CRM (10-Q on 2024-12-04)
  ✅ 7d: 5.25%, 30d: -0.23%
[200/432 - 46.3%] WMT (10-Q on 2024-12-06)
  ✅ 7d: -1.27%, 30d: -4.74%

📈 Progress: 200/432 (195 successful, 0 errors)

[201/432 - 46.5%] ORCL (10-Q on 2024-12-10)
  ✅ 7d: -10.09%, 30d: -14.34%
[202/432 - 46.8%] COST (10-Q on 2024-12-19)
  ✅ 7d: -0.89%, 30d: -2.23%
[203/432 - 47.0%] AVGO (10-K on 2024-12-20)
  ✅ 7d: 12.39%, 30d: 8.76%
[204/432 - 47.2%] NKE (10-Q on 2025-01-03)
  ✅ 7d: -3.35%, 30d: 4.38%
[205/432 - 47.5%] ADBE (10-K on 2025-01-13)
  ✅ 7d: 6.82%, 30d: 12.32%
[206/432 - 47.7%] PG (10-Q on 2025-01-22)
  ✅ 7d: 2.76%, 30d: 3.39%
[207/432 - 47.9%] NFLX (10-K on 2025-01-27)
  ✅ 7d: 0.73%, 30d: 0.55%
[208/432 - 48.1%] MSFT (10-Q on 2025-01-29)
  ✅ 7d: -7.79%, 30d: -12.22%
[209/432 - 48.4%] META (10-K on 2025-01-30)
  ✅ 7d: 4.20%, 30d: -1.23%
[210/432 - 48.6%] TSLA (10-K on 2025-01-30)
  ✅ 7d: -2.81%, 30d: -24.70%
[211/432 - 48.8%] AAPL (10-Q on 2025-01-31)
  ✅ 7d: -1.84%, 30d: 1.79%
[212/432 - 49.1%] TMUS (10-K on 2025-01-31)
  ✅ 7d: 5.46%, 30d: 15.07%
[213/432 - 49.3%] V (10-Q on 2025-01-31)
  ✅ 7d: 1.29%, 30d: 5.73%
[214/432 - 49.5%] PEP (10-K on 2025-02-04)
  ✅ 7d: -3.94%, 30d: 2.40%
[215/432 - 49.8%] QCOM (10-Q on 2025-02-05)
  ✅ 7d: -0.61%, 30d: -9.82%
[216/432 - 50.0%] DIS (10-Q on 2025-02-05)
  ✅ 7d: -3.78%, 30d: -6.95%
[217/432 - 50.2%] AMD (10-K on 2025-02-05)
  ✅ 7d: -7.03%, 30d: -17.28%
[218/432 - 50.5%] GOOG (10-K on 2025-02-05)
  ✅ 7d: -9.94%, 30d: -16.13%
[219/432 - 50.7%] AMZN (10-K on 2025-02-07)
  ✅ 7d: -3.54%, 30d: -16.57%
[220/432 - 50.9%] VZ (10-K on 2025-02-12)
  ✅ 7d: 1.75%, 30d: 7.95%
[221/432 - 51.2%] MA (10-K on 2025-02-12)
  ✅ 7d: 0.69%, 30d: -7.95%
[222/432 - 51.4%] JNJ (10-K on 2025-02-13)
  ✅ 7d: 1.69%, 30d: 4.86%
[223/432 - 51.6%] ABBV (10-K on 2025-02-14)
  ✅ 7d: 3.84%, 30d: 9.47%
[224/432 - 51.9%] JPM (10-K on 2025-02-14)
  ✅ 7d: -3.45%, 30d: -15.88%
[225/432 - 52.1%] COP (10-K on 2025-02-18)
  ✅ 7d: 1.41%, 30d: 3.98%
[226/432 - 52.3%] CSCO (10-Q on 2025-02-18)
  ✅ 7d: -2.09%, 30d: -5.37%
[227/432 - 52.5%] XOM (10-K on 2025-02-19)
  ✅ 7d: -0.37%, 30d: 5.23%
[228/432 - 52.8%] LLY (10-K on 2025-02-19)
  ✅ 7d: 5.20%, 30d: -1.71%
[229/432 - 53.0%] KO (10-K on 2025-02-20)
  ✅ 7d: 1.04%, 30d: -2.00%
[230/432 - 53.2%] TMO (10-K on 2025-02-20)
  ✅ 7d: 0.46%, 30d: -2.48%
[231/432 - 53.5%] ABT (10-K on 2025-02-21)
  ✅ 7d: 2.03%, 30d: -5.13%
[232/432 - 53.7%] CVX (10-K on 2025-02-21)
  ✅ 7d: -1.34%, 30d: 3.75%
[233/432 - 53.9%] BRK.B (10-K on 2025-02-24)
    Error fetching price for BRK.B: No data found, symbol may be delisted
  ⚠️  No price data available
[234/432 - 54.2%] MCD (10-K on 2025-02-25)
  ✅ 7d: -1.07%, 30d: 1.95%
[235/432 - 54.4%] MRK (10-K on 2025-02-25)
  ✅ 7d: 2.06%, 30d: -3.46%
[236/432 - 54.6%] WFC (10-K on 2025-02-25)
  ✅ 7d: -0.25%, 30d: -4.86%
[237/432 - 54.9%] BAC (10-K on 2025-02-25)
  ✅ 7d: 2.47%, 30d: -3.69%
[238/432 - 55.1%] NVDA (10-K on 2025-02-26)
  ✅ 7d: -8.40%, 30d: -12.00%
[239/432 - 55.3%] PFE (10-K on 2025-02-27)
  ✅ 7d: -1.82%, 30d: -4.58%
[240/432 - 55.6%] UNH (10-K on 2025-02-27)
  ✅ 7d: 2.67%, 30d: 11.31%
[241/432 - 55.8%] CRM (10-K on 2025-03-05)
  ✅ 7d: -3.58%, 30d: -11.17%
[242/432 - 56.0%] ORCL (10-Q on 2025-03-11)
  ✅ 7d: 3.51%, 30d: -6.12%
[243/432 - 56.3%] AVGO (10-Q on 2025-03-12)
  ✅ 7d: -0.75%, 30d: -9.36%
[244/432 - 56.5%] COST (10-Q on 2025-03-13)
  ✅ 7d: -2.48%, 30d: 3.92%
[245/432 - 56.7%] WMT (10-K on 2025-03-14)
  ✅ 7d: 1.55%, 30d: 9.82%
[246/432 - 56.9%] HD (10-K on 2025-03-21)
  ✅ 7d: 2.03%, 30d: -2.42%
[247/432 - 57.2%] ADBE (10-Q on 2025-03-26)
  ✅ 7d: -5.06%, 30d: -10.59%
[248/432 - 57.4%] NKE (10-Q on 2025-04-03)
  ✅ 7d: -8.68%, 30d: -9.81%
[249/432 - 57.6%] NFLX (10-Q on 2025-04-18)
  ✅ 7d: 12.73%, 30d: 22.46%
[250/432 - 57.9%] TSLA (10-Q on 2025-04-23)
  ✅ 7d: 22.72%, 30d: 43.31%

📈 Progress: 250/432 (244 successful, 0 errors)

[251/432 - 58.1%] JNJ (10-Q on 2025-04-23)
  ✅ 7d: -1.17%, 30d: -3.26%
[252/432 - 58.3%] TMUS (10-Q on 2025-04-24)
  ✅ 7d: -4.78%, 30d: -6.35%
[253/432 - 58.6%] PEP (10-Q on 2025-04-24)
  ✅ 7d: -4.70%, 30d: -9.08%
[254/432 - 58.8%] PG (10-Q on 2025-04-24)
  ✅ 7d: -1.91%, 30d: 0.08%
[255/432 - 59.0%] GOOG (10-Q on 2025-04-25)
  ✅ 7d: 0.82%, 30d: 5.03%
[256/432 - 59.3%] VZ (10-Q on 2025-04-25)
  ✅ 7d: 1.14%, 30d: 1.19%
[257/432 - 59.5%] WFC (10-Q on 2025-04-29)
  ✅ 7d: 6.37%, 30d: 6.19%
[258/432 - 59.7%] BAC (10-Q on 2025-04-30)
  ✅ 7d: 2.13%, 30d: 10.63%
[259/432 - 60.0%] MSFT (10-Q on 2025-04-30)
  ✅ 7d: 9.97%, 30d: 16.40%
[260/432 - 60.2%] V (10-Q on 2025-04-30)
  ✅ 7d: 1.81%, 30d: 6.11%
[261/432 - 60.4%] ABT (10-Q on 2025-04-30)
  ✅ 7d: 1.96%, 30d: 1.80%
[262/432 - 60.6%] QCOM (10-Q on 2025-04-30)
  ✅ 7d: -4.75%, 30d: 0.99%
[263/432 - 60.9%] META (10-Q on 2025-05-01)
  ✅ 7d: 8.71%, 30d: 17.94%
[264/432 - 61.1%] KO (10-Q on 2025-05-01)
  ✅ 7d: -0.21%, 30d: -0.62%
[265/432 - 61.3%] LLY (10-Q on 2025-05-01)
  ✅ 7d: -13.60%, 30d: -17.94%
[266/432 - 61.6%] MA (10-Q on 2025-05-01)
  ✅ 7d: 3.33%, 30d: 6.85%
[267/432 - 61.8%] JPM (10-Q on 2025-05-01)
  ✅ 7d: 1.95%, 30d: 7.92%
[268/432 - 62.0%] AAPL (10-Q on 2025-05-02)
  ✅ 7d: -7.42%, 30d: -5.85%
[269/432 - 62.3%] TMO (10-Q on 2025-05-02)
  ✅ 7d: -2.17%, 30d: -4.07%
[270/432 - 62.5%] MRK (10-Q on 2025-05-02)
  ✅ 7d: -6.74%, 30d: -7.71%
[271/432 - 62.7%] AMZN (10-Q on 2025-05-02)
  ✅ 7d: 0.99%, 30d: 7.79%
[272/432 - 63.0%] XOM (10-Q on 2025-05-05)
  ✅ 7d: 5.70%, 30d: 0.51%
[273/432 - 63.2%] BRK.B (10-Q on 2025-05-05)
    Error fetching price for BRK.B: No data found, symbol may be delisted
  ⚠️  No price data available
[274/432 - 63.4%] PFE (10-Q on 2025-05-05)
  ✅ 7d: -3.27%, 30d: -2.18%
[275/432 - 63.7%] DIS (10-Q on 2025-05-07)
  ✅ 7d: 20.84%, 30d: 22.09%
[276/432 - 63.9%] UNH (10-Q on 2025-05-07)
  ✅ 7d: -21.07%, 30d: -25.01%
[277/432 - 64.1%] AMD (10-Q on 2025-05-07)
  ✅ 7d: 14.03%, 30d: 17.31%
[278/432 - 64.4%] COP (10-Q on 2025-05-08)
  ✅ 7d: 5.54%, 30d: -0.56%
[279/432 - 64.6%] CVX (10-Q on 2025-05-08)
  ✅ 7d: 4.33%, 30d: 3.26%
[280/432 - 64.8%] ABBV (10-Q on 2025-05-09)
  ✅ 7d: -2.10%, 30d: 2.29%
[281/432 - 65.0%] MCD (10-Q on 2025-05-12)
  ✅ 7d: 2.98%, 30d: -3.68%
[282/432 - 65.3%] CSCO (10-Q on 2025-05-20)
  ✅ 7d: -0.27%, 30d: 3.00%
[283/432 - 65.5%] NVDA (10-Q on 2025-05-28)
  ✅ 7d: 4.22%, 30d: 14.41%
[284/432 - 65.7%] HD (10-Q on 2025-05-28)
  ✅ 7d: 0.72%, 30d: -1.86%
[285/432 - 66.0%] CRM (10-Q on 2025-05-29)
  ✅ 7d: -4.66%, 30d: -0.95%
[286/432 - 66.2%] COST (10-Q on 2025-06-05)
  ✅ 7d: -5.22%, 30d: -6.15%
[287/432 - 66.4%] WMT (10-Q on 2025-06-06)
  ✅ 7d: -3.20%, 30d: 1.42%
[288/432 - 66.7%] AVGO (10-Q on 2025-06-11)
  ✅ 7d: 1.94%, 30d: 12.58%
[289/432 - 66.9%] ORCL (10-K on 2025-06-18)
  ✅ 7d: 3.41%, 30d: 19.49%
[290/432 - 67.1%] ADBE (10-Q on 2025-06-25)
  ✅ 7d: 2.55%, 30d: -2.79%
[291/432 - 67.4%] ADBE (10-Q on 2025-06-25)
  ✅ 7d: 2.55%, 30d: -2.79%
[292/432 - 67.6%] SNA (10-Q on 2025-07-17)
  ✅ 7d: 5.49%, 30d: 4.15%
[293/432 - 67.8%] PEP (10-Q on 2025-07-17)
  ✅ 7d: 7.62%, 30d: 11.12%
[294/432 - 68.1%] NKE (10-K on 2025-07-17)
  ✅ 7d: 6.45%, 30d: 6.75%
[295/432 - 68.3%] NFLX (10-Q on 2025-07-18)
  ✅ 7d: -7.33%, 30d: -2.76%
[296/432 - 68.5%] NFLX (10-Q on 2025-07-18)
  ✅ 7d: -7.33%, 30d: -2.76%
[297/432 - 68.8%] ARE (10-Q on 2025-07-21)
  ✅ 7d: 1.09%, 30d: 0.00%
[298/432 - 69.0%] EFX (10-Q on 2025-07-22)
  ✅ 7d: -7.20%, 30d: -4.35%
[299/432 - 69.2%] NOC (10-Q on 2025-07-22)
  ✅ 7d: 10.35%, 30d: 14.99%
[300/432 - 69.4%] TMUS (10-Q on 2025-07-23)
  ✅ 7d: 2.57%, 30d: 10.68%

📈 Progress: 300/432 (293 successful, 0 errors)

[301/432 - 69.7%] ISRG (10-Q on 2025-07-23)
  ✅ 7d: -2.77%, 30d: -8.05%
[302/432 - 69.9%] KO (10-Q on 2025-07-24)
  ✅ 7d: -0.59%, 30d: 1.40%
[303/432 - 70.1%] JNJ (10-Q on 2025-07-24)
  ✅ 7d: -1.09%, 30d: 6.03%
[304/432 - 70.4%] TSLA (10-Q on 2025-07-24)
  ✅ 7d: -4.07%, 30d: 2.24%
[305/432 - 70.6%] TSLA (10-Q on 2025-07-24)
  ✅ 7d: -4.07%, 30d: 2.24%
[306/432 - 70.8%] NOW (10-Q on 2025-07-24)
  ✅ 7d: 2.20%, 30d: -7.29%
[307/432 - 71.1%] GOOG (10-Q on 2025-07-24)
  ✅ 7d: 3.10%, 30d: 7.94%
[308/432 - 71.3%] IBM (10-Q on 2025-07-24)
  ✅ 7d: -7.71%, 30d: -14.16%
[309/432 - 71.5%] RNR (10-Q on 2025-07-24)
  ✅ 7d: 3.04%, 30d: 4.50%
[310/432 - 71.8%] HLX (10-Q on 2025-07-24)
  ✅ 7d: -10.20%, 30d: -8.33%
[311/432 - 72.0%] KO (10-Q on 2025-07-24)
  ✅ 7d: -0.59%, 30d: 1.40%
[312/432 - 72.2%] ALLE (10-Q on 2025-07-24)
  ✅ 7d: 6.78%, 30d: 11.58%
[313/432 - 72.5%] JNJ (10-Q on 2025-07-24)
  ✅ 7d: -1.09%, 30d: 6.03%
[314/432 - 72.7%] VZ (10-Q on 2025-07-25)
  ✅ 7d: -0.74%, 30d: 3.16%
[315/432 - 72.9%] TDY (10-Q on 2025-07-28)
  ✅ 7d: -0.84%, 30d: -2.19%
[316/432 - 73.1%] MDLZ (10-Q on 2025-07-29)
  ✅ 7d: -8.70%, 30d: -11.24%
[317/432 - 73.4%] TXN (10-Q on 2025-07-29)
  ✅ 7d: -3.45%, 30d: 8.57%
[318/432 - 73.6%] MAT (10-Q on 2025-07-29)
  ✅ 7d: -3.68%, 30d: 4.93%
[319/432 - 73.8%] QCOM (10-Q on 2025-07-30)
  ✅ 7d: -9.48%, 30d: -0.79%
[320/432 - 74.1%] ABT (10-Q on 2025-07-30)
  ✅ 7d: 2.09%, 30d: 2.62%
[321/432 - 74.3%] ABT (10-Q on 2025-07-30)
  ✅ 7d: 2.09%, 30d: 2.62%
[322/432 - 74.5%] RSG (10-Q on 2025-07-30)
  ✅ 7d: -5.66%, 30d: -5.25%
[323/432 - 74.8%] MSFT (10-K on 2025-07-30)
  ✅ 7d: 2.96%, 30d: -0.57%
[324/432 - 75.0%] FICO (10-Q on 2025-07-30)
  ✅ 7d: -10.76%, 30d: 0.09%
[325/432 - 75.2%] V (10-Q on 2025-07-30)
  ✅ 7d: -3.95%, 30d: -0.41%
[326/432 - 75.5%] QCOM (10-Q on 2025-07-30)
  ✅ 7d: -9.48%, 30d: -0.79%
[327/432 - 75.7%] ESS (10-Q on 2025-07-30)
  ✅ 7d: -11.46%, 30d: -7.83%
[328/432 - 75.9%] MSFT (10-K on 2025-07-30)
  ✅ 7d: 2.96%, 30d: -0.57%
[329/432 - 76.2%] CDNS (10-Q on 2025-07-30)
  ✅ 7d: -1.57%, 30d: -3.27%
[330/432 - 76.4%] META (10-Q on 2025-07-31)
  ✅ 7d: 11.04%, 30d: 6.26%
[331/432 - 76.6%] PRU (10-Q on 2025-07-31)
  ✅ 7d: 2.26%, 30d: 7.74%
[332/432 - 76.9%] IR (10-Q on 2025-07-31)
  ✅ 7d: -10.82%, 30d: -7.38%
[333/432 - 77.1%] BAC (10-Q on 2025-07-31)
  ✅ 7d: -5.30%, 30d: 5.80%
[334/432 - 77.3%] META (10-Q on 2025-07-31)
  ✅ 7d: 11.04%, 30d: 6.26%
[335/432 - 77.5%] MA (10-Q on 2025-07-31)
  ✅ 7d: 1.79%, 30d: 6.47%
[336/432 - 77.8%] SO (10-Q on 2025-07-31)
  ✅ 7d: -0.23%, 30d: -2.74%
[337/432 - 78.0%] MAA (10-Q on 2025-07-31)
  ✅ 7d: -5.50%, 30d: -2.00%
[338/432 - 78.2%] BLDR (10-Q on 2025-07-31)
  ✅ 7d: 3.67%, 30d: 9.97%
[339/432 - 78.5%] PTC (10-Q on 2025-07-31)
  ✅ 7d: 6.52%, 30d: 5.43%
[340/432 - 78.7%] MA (10-Q on 2025-07-31)
  ✅ 7d: 1.79%, 30d: 6.47%
[341/432 - 78.9%] TMO (10-Q on 2025-08-01)
  ✅ 7d: -2.77%, 30d: 5.35%
[342/432 - 79.2%] KIM (10-Q on 2025-08-01)
  ✅ 7d: -0.19%, 30d: 5.93%
[343/432 - 79.4%] AMZN (10-Q on 2025-08-01)
  ✅ 7d: -4.69%, 30d: -2.18%
[344/432 - 79.6%] GS (10-Q on 2025-08-01)
  ✅ 7d: -0.53%, 30d: 2.99%
[345/432 - 79.9%] AAPL (10-Q on 2025-08-01)
  ✅ 7d: 6.00%, 30d: 11.84%
[346/432 - 80.1%] AMZN (10-Q on 2025-08-01)
  ✅ 7d: -4.69%, 30d: -2.18%
[347/432 - 80.3%] GWW (10-Q on 2025-08-01)
  ✅ 7d: -9.33%, 30d: -2.50%
[348/432 - 80.6%] LYB (10-Q on 2025-08-01)
  ✅ 7d: -13.40%, 30d: -2.73%
[349/432 - 80.8%] SYK (10-Q on 2025-08-01)
  ✅ 7d: -4.17%, 30d: -0.34%
[350/432 - 81.0%] TMO (10-Q on 2025-08-01)
  ✅ 7d: -2.77%, 30d: 5.35%

📈 Progress: 350/432 (343 successful, 0 errors)

[351/432 - 81.3%] BSX (10-Q on 2025-08-01)
  ✅ 7d: -1.87%, 30d: 0.55%
[352/432 - 81.5%] AAPL (10-Q on 2025-08-01)
  ✅ 7d: 6.00%, 30d: 11.84%
[353/432 - 81.7%] SPGI (10-Q on 2025-08-01)
  ✅ 7d: 1.46%, 30d: -0.48%
[354/432 - 81.9%] WMB (10-Q on 2025-08-04)
  ✅ 7d: -3.65%, 30d: -4.78%
[355/432 - 82.2%] XOM (10-Q on 2025-08-04)
  ✅ 7d: -1.43%, 30d: 6.82%
[356/432 - 82.4%] ABBV (10-Q on 2025-08-04)
  ✅ 7d: 0.74%, 30d: 7.47%
[357/432 - 82.6%] CAKE (10-Q on 2025-08-04)
  ✅ 7d: -1.60%, 30d: -2.40%
[358/432 - 82.9%] HCA (10-Q on 2025-08-04)
  ✅ 7d: 5.43%, 30d: 11.82%
[359/432 - 83.1%] XOM (10-Q on 2025-08-04)
  ✅ 7d: -1.43%, 30d: 6.82%
[360/432 - 83.3%] PG (10-K on 2025-08-04)
  ✅ 7d: 2.80%, 30d: 4.80%
[361/432 - 83.6%] BRK.B (10-Q on 2025-08-04)
    Error fetching price for BRK.B: No data found, symbol may be delisted
  ⚠️  No price data available
[362/432 - 83.8%] PG (10-K on 2025-08-04)
  ✅ 7d: 2.80%, 30d: 4.80%
[363/432 - 84.0%] ABBV (10-Q on 2025-08-04)
  ✅ 7d: 0.74%, 30d: 7.47%
[364/432 - 84.3%] WRB (10-Q on 2025-08-04)
  ✅ 7d: -0.74%, 30d: 2.13%
[365/432 - 84.5%] WAT (10-Q on 2025-08-04)
  ✅ 7d: -2.21%, 30d: 3.81%
[366/432 - 84.7%] ETN (10-Q on 2025-08-05)
  ✅ 7d: -6.41%, 30d: -10.86%
[367/432 - 85.0%] PFE (10-Q on 2025-08-05)
  ✅ 7d: 4.46%, 30d: 5.35%
[368/432 - 85.2%] WFC (10-Q on 2025-08-05)
  ✅ 7d: 0.01%, 30d: 3.78%
[369/432 - 85.4%] MRK (10-Q on 2025-08-05)
  ✅ 7d: 0.21%, 30d: 5.41%
[370/432 - 85.6%] MRK (10-Q on 2025-08-05)
  ✅ 7d: 0.21%, 30d: 5.41%
[371/432 - 85.9%] VRTX (10-Q on 2025-08-05)
  ✅ 7d: -20.71%, 30d: -16.02%
[372/432 - 86.1%] JPM (10-Q on 2025-08-05)
  ✅ 7d: -1.60%, 30d: 1.78%
[373/432 - 86.3%] GNRC (10-Q on 2025-08-05)
  ✅ 7d: 0.05%, 30d: -10.84%
[374/432 - 86.6%] PFE (10-Q on 2025-08-05)
  ✅ 7d: 4.46%, 30d: 5.35%
[375/432 - 86.8%] LDOS (10-Q on 2025-08-05)
  ✅ 7d: 10.06%, 30d: 10.41%
[376/432 - 87.0%] JPM (10-Q on 2025-08-05)
  ✅ 7d: -1.60%, 30d: 1.78%
[377/432 - 87.3%] CTRA (10-Q on 2025-08-05)
  ✅ 7d: 0.13%, 30d: 0.59%
[378/432 - 87.5%] DIS (10-Q on 2025-08-06)
  ✅ 7d: -3.89%, 30d: 0.41%
[379/432 - 87.7%] MCD (10-Q on 2025-08-06)
  ✅ 7d: 0.96%, 30d: 6.10%
[380/432 - 88.0%] CAT (10-Q on 2025-08-06)
  ✅ 7d: -4.96%, 30d: -3.23%
[381/432 - 88.2%] ROK (10-Q on 2025-08-06)
  ✅ 7d: -1.81%, 30d: -1.20%
[382/432 - 88.4%] GL (10-Q on 2025-08-06)
  ✅ 7d: 0.16%, 30d: 1.39%
[383/432 - 88.7%] AMD (10-Q on 2025-08-06)
  ✅ 7d: 0.37%, 30d: -7.18%
[384/432 - 88.9%] AMGN (10-Q on 2025-08-06)
  ✅ 7d: -5.03%, 30d: -6.66%
[385/432 - 89.1%] DIS (10-Q on 2025-08-06)
  ✅ 7d: -3.89%, 30d: 0.41%
[386/432 - 89.4%] BLK (10-Q on 2025-08-06)
  ✅ 7d: 4.50%, 30d: -0.08%
[387/432 - 89.6%] ADP (10-K on 2025-08-06)
  ✅ 7d: 0.06%, 30d: 0.58%
[388/432 - 89.8%] MCD (10-Q on 2025-08-06)
  ✅ 7d: 0.96%, 30d: 6.10%
[389/432 - 90.0%] CVX (10-Q on 2025-08-07)
  ✅ 7d: 2.02%, 30d: 0.58%
[390/432 - 90.3%] CVX (10-Q on 2025-08-07)
  ✅ 7d: 2.02%, 30d: 0.58%
[391/432 - 90.5%] COP (10-Q on 2025-08-07)
  ✅ 7d: 2.97%, 30d: -0.17%
[392/432 - 90.7%] LLY (10-Q on 2025-08-07)
  ✅ 7d: -11.51%, 30d: -2.57%
[393/432 - 91.0%] TRGP (10-Q on 2025-08-07)
  ✅ 7d: 2.26%, 30d: -0.43%
[394/432 - 91.2%] COP (10-Q on 2025-08-07)
  ✅ 7d: 2.97%, 30d: -0.17%
[395/432 - 91.4%] ORLY (10-Q on 2025-08-08)
  ✅ 7d: -1.90%, 30d: 1.32%
[396/432 - 91.7%] KLAC (10-K on 2025-08-08)
  ✅ 7d: 4.75%, 30d: -0.76%
[397/432 - 91.9%] SCHW (10-Q on 2025-08-08)
  ✅ 7d: 1.86%, 30d: -4.10%
[398/432 - 92.1%] EXPE (10-Q on 2025-08-08)
  ✅ 7d: 10.44%, 30d: 14.57%
[399/432 - 92.4%] LRCX (10-K on 2025-08-11)
  ✅ 7d: -3.06%, 30d: 3.50%
[400/432 - 92.6%] UNH (10-Q on 2025-08-11)
  ✅ 7d: 22.24%, 30d: 37.86%

📈 Progress: 400/432 (392 successful, 0 errors)

[401/432 - 92.8%] WDC (10-K on 2025-08-14)
  ✅ 7d: -0.57%, 30d: 28.38%
[402/432 - 93.1%] PH (10-K on 2025-08-22)
  ✅ 7d: 4.61%, 30d: 3.09%
[403/432 - 93.3%] HD (10-Q on 2025-08-26)
  ✅ 7d: -0.63%, 30d: 0.21%
[404/432 - 93.5%] SJM (10-Q on 2025-08-27)
  ✅ 7d: -1.11%, 30d: -2.46%
[405/432 - 93.8%] NVDA (10-Q on 2025-08-27)
  ✅ 7d: -6.05%, 30d: -2.24%
[406/432 - 94.0%] NVDA (10-Q on 2025-08-27)
  ✅ 7d: -6.05%, 30d: -2.24%
[407/432 - 94.2%] ULTA (10-Q on 2025-08-28)
  ✅ 7d: -0.51%, 30d: 3.41%
[408/432 - 94.4%] WMT (10-Q on 2025-08-29)
  ✅ 7d: 5.02%, 30d: 7.34%
[409/432 - 94.7%] A (10-Q on 2025-08-29)
  ✅ 7d: 2.82%, 30d: -1.26%
[410/432 - 94.9%] KEYS (10-Q on 2025-08-29)
  ✅ 7d: 0.25%, 30d: 4.09%
[411/432 - 95.1%] TJX (10-Q on 2025-08-29)
  ✅ 7d: 2.84%, 30d: 4.35%
[412/432 - 95.4%] CSCO (10-K on 2025-09-03)
  ✅ 7d: -0.68%, 30d: 0.75%
[413/432 - 95.6%] CSCO (10-K on 2025-09-03)
  ✅ 7d: -0.68%, 30d: 0.75%
[414/432 - 95.8%] INTU (10-K on 2025-09-03)
  ✅ 7d: 1.34%, 30d: 3.00%
[415/432 - 96.1%] CRM (10-Q on 2025-09-04)
  ✅ 7d: -5.41%, 30d: -6.27%
[416/432 - 96.3%] CRM (10-Q on 2025-09-04)
  ✅ 7d: -5.41%, 30d: -6.27%
[417/432 - 96.5%] ORCL (10-Q on 2025-09-10)
  ✅ 7d: 26.97%, 30d: 22.96%
[418/432 - 96.8%] AVGO (10-Q on 2025-09-10)
  ✅ 7d: 6.93%, 30d: 2.48%
[419/432 - 97.0%] ORCL (10-Q on 2025-09-10)
  ✅ 7d: 26.97%, 30d: 22.96%
[420/432 - 97.2%] AVGO (10-Q on 2025-09-10)
  ✅ 7d: 6.93%, 30d: 2.48%
[421/432 - 97.5%] ADBE (10-Q on 2025-09-24)
    Error fetching price for ADBE: Data doesn't exist for startDate = 1761091200, endDate = 1761436800
  ✅ 7d: -2.50%, 30d: undefined%
[422/432 - 97.7%] ADBE (10-Q on 2025-09-24)
    Error fetching price for ADBE: Data doesn't exist for startDate = 1761091200, endDate = 1761436800
  ✅ 7d: -2.50%, 30d: undefined%
[423/432 - 97.9%] CPRT (10-K on 2025-09-26)
    Error fetching price for CPRT: Data doesn't exist for startDate = 1761264000, endDate = 1761609600
  ✅ 7d: -0.71%, 30d: undefined%
[424/432 - 98.1%] NKE (10-Q on 2025-10-01)
    Error fetching price for NKE: Data doesn't exist for startDate = 1761696000, endDate = 1762041600
  ✅ 7d: -1.18%, 30d: undefined%
[425/432 - 98.4%] NKE (10-Q on 2025-10-01)
    Error fetching price for NKE: Data doesn't exist for startDate = 1761696000, endDate = 1762041600
  ✅ 7d: -1.18%, 30d: undefined%
[426/432 - 98.6%] MU (10-K on 2025-10-03)
    Error fetching price for MU: Data doesn't exist for startDate = 1761868800, endDate = 1762214400
  ✅ 7d: 4.67%, 30d: undefined%
[427/432 - 98.8%] COST (10-K on 2025-10-08)
    Error fetching price for COST: Data doesn't exist for startDate = 1762304400, endDate = 1762650000
  ✅ 7d: 3.47%, 30d: undefined%
[428/432 - 99.1%] CTAS (10-Q on 2025-10-08)
    Error fetching price for CTAS: Data doesn't exist for startDate = 1762304400, endDate = 1762650000
  ✅ 7d: -5.49%, 30d: undefined%
[429/432 - 99.3%] COST (10-K on 2025-10-08)
    Error fetching price for COST: Data doesn't exist for startDate = 1762304400, endDate = 1762650000
  ✅ 7d: 3.47%, 30d: undefined%
[430/432 - 99.5%] PEP (10-Q on 2025-10-09)
    Error fetching price for PEP: Data doesn't exist for startDate = 1762390800, endDate = 1762736400
  ✅ 7d: 8.87%, 30d: undefined%
[431/432 - 99.8%] PEP (10-Q on 2025-10-09)
    Error fetching price for PEP: Data doesn't exist for startDate = 1762390800, endDate = 1762736400
  ✅ 7d: 8.87%, 30d: undefined%
[432/432 - 100.0%] ACN (10-K on 2025-10-10)
    Error fetching price for ACN: Data doesn't exist for startDate = 1762477200, endDate = 1762822800
  ✅ 7d: -4.89%, 30d: undefined%

════════════════════════════════════════════════════════════════════════════════
📊 BACKFILL COMPLETE

  Processed: 432
  Successful: 424
  Errors: 0

  Total with 7d returns: 424
  Total with 30d returns: 412

═
═
═
═
═
═
═
═
═
═
═
═
═
═
═
═
═
═
═
═
═
═
═
═
═
═
═
═
═
═
═
═
═
═
═
═
═
═
═
═
═
═
═
═
═
═
═
═
═
═
═
═
═
═
═
═
═
═
═
═
═
═
═
═
═
═
═
═
═
═
═
═
═
═
═
═
═
═
═
═

📋 NEXT STEPS:
   1. Export updated dataset: npx tsx scripts/export-ml-dataset.ts
   2. Re-run ML analysis: python3 scripts/ml_analysis.py
   3. Expect 65-70% accuracy with 30-day returns!

