🚀 COMPREHENSIVE RETURN BACKFILL

════════════════════════════════════════════════════════════════════════════════

📊 Found 432 filings needing return backfill

[1/432 - 0.2%] PG (10-Q on 2023-10-18)
  ✅ 7d: 0.02%, 30d: 0.04%
[2/432 - 0.5%] NFLX (10-Q on 2023-10-20)
  ✅ 7d: 0.00%, 30d: 0.16%
[3/432 - 0.7%] TSLA (10-Q on 2023-10-23)
  ✅ 7d: -0.07%, 30d: 0.14%
[4/432 - 0.9%] KO (10-Q on 2023-10-24)
  ✅ 7d: 0.04%, 30d: 0.08%
[5/432 - 1.2%] MSFT (10-Q on 2023-10-24)
  ✅ 7d: 0.02%, 30d: 0.15%
[6/432 - 1.4%] TMUS (10-Q on 2023-10-25)
  ✅ 7d: 0.02%, 30d: 0.06%
[7/432 - 1.6%] GOOG (10-Q on 2023-10-25)
  ✅ 7d: -0.11%, 30d: -0.01%
[8/432 - 1.9%] MA (10-Q on 2023-10-26)
  ✅ 7d: -0.02%, 30d: 0.07%
[9/432 - 2.1%] VZ (10-Q on 2023-10-26)
  ✅ 7d: 0.05%, 30d: 0.11%
[10/432 - 2.3%] AMZN (10-Q on 2023-10-27)
  ✅ 7d: 0.15%, 30d: 0.23%
[11/432 - 2.5%] JNJ (10-Q on 2023-10-27)
  ✅ 7d: 0.01%, 30d: 0.02%
[12/432 - 2.8%] WFC (10-Q on 2023-10-31)
  ✅ 7d: 0.05%, 30d: 0.11%
[13/432 - 3.0%] XOM (10-Q on 2023-10-31)
  ✅ 7d: -0.00%, 30d: -0.03%
[14/432 - 3.2%] QCOM (10-K on 2023-11-01)
  ✅ 7d: 0.11%, 30d: 0.18%
[15/432 - 3.5%] ABT (10-Q on 2023-11-01)
  ✅ 7d: 0.00%, 30d: 0.10%
[16/432 - 3.7%] AMD (10-Q on 2023-11-01)
  ✅ 7d: 0.15%, 30d: 0.23%
[17/432 - 3.9%] COP (10-Q on 2023-11-02)
  ✅ 7d: -0.02%, 30d: -0.01%
[18/432 - 4.2%] CVX (10-Q on 2023-11-02)
  ✅ 7d: -0.01%, 30d: 0.01%
[19/432 - 4.4%] LLY (10-Q on 2023-11-02)
  ✅ 7d: 0.12%, 30d: 0.05%
[20/432 - 4.6%] MCD (10-Q on 2023-11-02)
  ✅ 7d: 0.02%, 30d: 0.09%
[21/432 - 4.9%] MRK (10-Q on 2023-11-03)
  ✅ 7d: -0.00%, 30d: 0.01%
[22/432 - 5.1%] AAPL (10-K on 2023-11-03)
  ✅ 7d: 0.03%, 30d: 0.08%
[23/432 - 5.3%] TMO (10-Q on 2023-11-03)
  ✅ 7d: -0.01%, 30d: 0.11%
[24/432 - 5.6%] UNH (10-Q on 2023-11-06)
  ✅ 7d: 0.02%, 30d: 0.03%
[25/432 - 5.8%] ABBV (10-Q on 2023-11-06)
  ✅ 7d: -0.02%, 30d: 0.02%
[26/432 - 6.0%] BRK.B (10-Q on 2023-11-06)
    Error fetching price for BRK.B: No data found, symbol may be delisted
  ⚠️  No price data available
[27/432 - 6.3%] PFE (10-Q on 2023-11-08)
  ✅ 7d: -0.06%, 30d: -0.08%
[28/432 - 6.5%] V (10-K on 2023-11-15)
  ✅ 7d: 0.02%, 30d: 0.05%
[29/432 - 6.7%] HD (10-Q on 2023-11-21)
  ✅ 7d: 0.01%, 30d: 0.13%
[30/432 - 6.9%] CSCO (10-Q on 2023-11-21)
  ✅ 7d: -0.01%, 30d: 0.03%
[31/432 - 7.2%] DIS (10-K on 2023-11-21)
  ✅ 7d: 0.00%, 30d: -0.04%
[32/432 - 7.4%] NVDA (10-Q on 2023-11-21)
  ✅ 7d: -0.04%, 30d: -0.05%
[33/432 - 7.6%] WMT (10-Q on 2023-11-30)
  ✅ 7d: -0.01%, 30d: 0.01%
[34/432 - 7.9%] CRM (10-Q on 2023-11-30)
  ✅ 7d: 0.08%, 30d: 0.14%
[35/432 - 8.1%] ORCL (10-Q on 2023-12-12)
  ✅ 7d: -0.09%, 30d: -0.10%
[36/432 - 8.3%] AVGO (10-K on 2023-12-14)
  ✅ 7d: 0.02%, 30d: 0.02%
[37/432 - 8.6%] COST (10-Q on 2023-12-20)
  ✅ 7d: -0.00%, 30d: 0.01%
[38/432 - 8.8%] NKE (10-Q on 2024-01-05)
  ✅ 7d: 0.04%, 30d: -0.02%
[39/432 - 9.0%] ADBE (10-K on 2024-01-17)
  ✅ 7d: -0.00%, 30d: -0.01%
[40/432 - 9.3%] PG (10-Q on 2024-01-23)
  ✅ 7d: 0.06%, 30d: 0.08%
[41/432 - 9.5%] V (10-Q on 2024-01-26)
  ✅ 7d: 0.02%, 30d: 0.04%
[42/432 - 9.7%] NFLX (10-K on 2024-01-26)
  ✅ 7d: 0.01%, 30d: 0.04%
[43/432 - 10.0%] TSLA (10-K on 2024-01-29)
  ✅ 7d: -0.05%, 30d: 0.05%
[44/432 - 10.2%] MSFT (10-Q on 2024-01-30)
  ✅ 7d: -0.01%, 30d: -0.00%
[45/432 - 10.4%] GOOG (10-K on 2024-01-31)
  ✅ 7d: -0.05%, 30d: -0.09%
[46/432 - 10.6%] QCOM (10-Q on 2024-01-31)
  ✅ 7d: -0.01%, 30d: 0.08%
[47/432 - 10.9%] AMD (10-K on 2024-01-31)
  ✅ 7d: -0.02%, 30d: 0.12%
[48/432 - 11.1%] AMZN (10-K on 2024-02-02)
  ✅ 7d: 0.07%, 30d: 0.12%
[49/432 - 11.3%] TMUS (10-K on 2024-02-02)
  ✅ 7d: -0.01%, 30d: 0.01%
[50/432 - 11.6%] META (10-K on 2024-02-02)
  ✅ 7d: 0.19%, 30d: 0.27%

📈 Progress: 50/432 (49 successful, 0 errors)

[51/432 - 11.8%] AAPL (10-Q on 2024-02-02)
  ✅ 7d: 0.01%, 30d: -0.04%
[52/432 - 12.0%] DIS (10-Q on 2024-02-07)
  ✅ 7d: 0.11%, 30d: 0.11%
[53/432 - 12.3%] PEP (10-K on 2024-02-09)
  ✅ 7d: -0.03%, 30d: -0.06%
[54/432 - 12.5%] VZ (10-K on 2024-02-09)
  ✅ 7d: 0.02%, 30d: -0.01%
[55/432 - 12.7%] MA (10-K on 2024-02-13)
  ✅ 7d: -0.02%, 30d: 0.04%
[56/432 - 13.0%] COP (10-K on 2024-02-15)
  ✅ 7d: 0.02%, 30d: 0.09%
[57/432 - 13.2%] ABT (10-K on 2024-02-16)
  ✅ 7d: 0.05%, 30d: 0.02%
[58/432 - 13.4%] JNJ (10-K on 2024-02-16)
  ✅ 7d: 0.02%, 30d: 0.00%
[59/432 - 13.7%] WFC (10-K on 2024-02-20)
  ✅ 7d: 0.05%, 30d: 0.11%
[60/432 - 13.9%] ABBV (10-K on 2024-02-20)
  ✅ 7d: 0.02%, 30d: 0.00%
[61/432 - 14.1%] KO (10-K on 2024-02-20)
  ✅ 7d: 0.00%, 30d: 0.00%
[62/432 - 14.4%] CSCO (10-Q on 2024-02-20)
  ✅ 7d: 0.00%, 30d: 0.03%
[63/432 - 14.6%] LLY (10-K on 2024-02-21)
  ✅ 7d: 0.01%, 30d: 0.02%
[64/432 - 14.8%] NVDA (10-K on 2024-02-21)
  ✅ 7d: 0.13%, 30d: 0.32%
[65/432 - 15.0%] PFE (10-K on 2024-02-22)
  ✅ 7d: -0.02%, 30d: -0.01%
[66/432 - 15.3%] MCD (10-K on 2024-02-22)
  ✅ 7d: 0.00%, 30d: -0.04%
[67/432 - 15.5%] TMO (10-K on 2024-02-22)
  ✅ 7d: 0.03%, 30d: 0.05%
[68/432 - 15.7%] BRK.B (10-K on 2024-02-26)
    Error fetching price for BRK.B: No data found, symbol may be delisted
  ⚠️  No price data available
[69/432 - 16.0%] MRK (10-K on 2024-02-26)
  ✅ 7d: -0.04%, 30d: -0.03%
[70/432 - 16.2%] CVX (10-K on 2024-02-26)
  ✅ 7d: -0.04%, 30d: 0.01%
[71/432 - 16.4%] XOM (10-K on 2024-02-28)
  ✅ 7d: 0.02%, 30d: 0.12%
[72/432 - 16.7%] UNH (10-K on 2024-02-28)
  ✅ 7d: -0.08%, 30d: -0.04%
[73/432 - 16.9%] CRM (10-K on 2024-03-06)
  ✅ 7d: 0.03%, 30d: -0.02%
[74/432 - 17.1%] ORCL (10-Q on 2024-03-12)
  ✅ 7d: 0.12%, 30d: 0.07%
[75/432 - 17.4%] COST (10-Q on 2024-03-13)
  ✅ 7d: -0.01%, 30d: -0.01%
[76/432 - 17.6%] HD (10-K on 2024-03-13)
  ✅ 7d: 0.01%, 30d: -0.07%
[77/432 - 17.8%] AVGO (10-Q on 2024-03-14)
  ✅ 7d: 0.01%, 30d: 0.07%
[78/432 - 18.1%] WMT (10-K on 2024-03-15)
  ✅ 7d: 0.01%, 30d: -0.01%
[79/432 - 18.3%] ADBE (10-Q on 2024-03-27)
  ✅ 7d: -0.02%, 30d: -0.07%
[80/432 - 18.5%] NKE (10-Q on 2024-04-04)
  ✅ 7d: -0.01%, 30d: 0.02%
[81/432 - 18.8%] PG (10-Q on 2024-04-19)
  ✅ 7d: 0.03%, 30d: 0.07%
[82/432 - 19.0%] NFLX (10-Q on 2024-04-22)
  ✅ 7d: 0.01%, 30d: 0.17%
[83/432 - 19.2%] PEP (10-Q on 2024-04-23)
  ✅ 7d: -0.00%, 30d: 0.03%
[84/432 - 19.4%] V (10-Q on 2024-04-24)
  ✅ 7d: -0.02%, 30d: 0.00%
[85/432 - 19.7%] TSLA (10-Q on 2024-04-24)
  ✅ 7d: 0.27%, 30d: 0.20%
[86/432 - 19.9%] VZ (10-Q on 2024-04-25)
  ✅ 7d: -0.01%, 30d: 0.01%
[87/432 - 20.1%] MSFT (10-Q on 2024-04-25)
  ✅ 7d: -0.03%, 30d: 0.05%
[88/432 - 20.4%] META (10-Q on 2024-04-25)
  ✅ 7d: -0.11%, 30d: -0.03%
[89/432 - 20.6%] GOOG (10-Q on 2024-04-26)
  ✅ 7d: 0.07%, 30d: 0.12%
[90/432 - 20.8%] TMUS (10-Q on 2024-04-26)
  ✅ 7d: 0.01%, 30d: 0.01%
[91/432 - 21.1%] XOM (10-Q on 2024-04-29)
  ✅ 7d: -0.02%, 30d: -0.04%
[92/432 - 21.3%] LLY (10-Q on 2024-04-30)
  ✅ 7d: 0.04%, 30d: 0.10%
[93/432 - 21.5%] QCOM (10-Q on 2024-05-01)
  ✅ 7d: 0.09%, 30d: 0.23%
[94/432 - 21.8%] AMD (10-Q on 2024-05-01)
  ✅ 7d: -0.02%, 30d: 0.05%
[95/432 - 22.0%] AMZN (10-Q on 2024-05-01)
  ✅ 7d: 0.08%, 30d: 0.02%
[96/432 - 22.2%] MA (10-Q on 2024-05-01)
  ✅ 7d: 0.00%, 30d: -0.02%
[97/432 - 22.5%] JNJ (10-Q on 2024-05-01)
  ✅ 7d: 0.03%, 30d: 0.00%
[98/432 - 22.7%] KO (10-Q on 2024-05-02)
  ✅ 7d: 0.01%, 30d: 0.02%
[99/432 - 22.9%] COP (10-Q on 2024-05-02)
  ✅ 7d: -0.01%, 30d: -0.06%
[100/432 - 23.1%] ABT (10-Q on 2024-05-02)
  ✅ 7d: -0.01%, 30d: -0.04%

📈 Progress: 100/432 (98 successful, 0 errors)

[101/432 - 23.4%] CVX (10-Q on 2024-05-02)
  ✅ 7d: 0.02%, 30d: 0.02%
[102/432 - 23.6%] WFC (10-Q on 2024-05-02)
  ✅ 7d: 0.03%, 30d: 0.01%
[103/432 - 23.8%] TMO (10-Q on 2024-05-03)
  ✅ 7d: 0.01%, 30d: -0.01%
[104/432 - 24.1%] ABBV (10-Q on 2024-05-03)
  ✅ 7d: -0.00%, 30d: 0.00%
[105/432 - 24.3%] MRK (10-Q on 2024-05-03)
  ✅ 7d: 0.02%, 30d: -0.02%
[106/432 - 24.5%] AAPL (10-Q on 2024-05-03)
  ✅ 7d: 0.07%, 30d: 0.11%
[107/432 - 24.8%] BRK.B (10-Q on 2024-05-06)
    Error fetching price for BRK.B: No data found, symbol may be delisted
  ⚠️  No price data available
[108/432 - 25.0%] DIS (10-Q on 2024-05-07)
  ✅ 7d: -0.09%, 30d: -0.13%
[109/432 - 25.2%] PFE (10-Q on 2024-05-08)
  ✅ 7d: 0.02%, 30d: 0.04%
[110/432 - 25.5%] MCD (10-Q on 2024-05-08)
  ✅ 7d: 0.01%, 30d: -0.03%
[111/432 - 25.7%] UNH (10-Q on 2024-05-09)
  ✅ 7d: 0.03%, 30d: -0.02%
[112/432 - 25.9%] CSCO (10-Q on 2024-05-21)
  ✅ 7d: -0.02%, 30d: -0.01%
[113/432 - 26.2%] HD (10-Q on 2024-05-21)
  ✅ 7d: -0.03%, 30d: 0.05%
[114/432 - 26.4%] NVDA (10-Q on 2024-05-29)
  ✅ 7d: 0.02%, 30d: 0.09%
[115/432 - 26.6%] CRM (10-Q on 2024-05-30)
  ✅ 7d: -0.13%, 30d: -0.05%
[116/432 - 26.9%] COST (10-Q on 2024-06-06)
  ✅ 7d: 0.02%, 30d: 0.06%
[117/432 - 27.1%] WMT (10-Q on 2024-06-07)
  ✅ 7d: -0.01%, 30d: 0.04%
[118/432 - 27.3%] AVGO (10-Q on 2024-06-13)
  ✅ 7d: 0.16%, 30d: 0.14%
[119/432 - 27.5%] ORCL (10-K on 2024-06-20)
  ✅ 7d: -0.03%, 30d: -0.03%
[120/432 - 27.8%] ADBE (10-Q on 2024-06-26)
  ✅ 7d: 0.08%, 30d: 0.01%
[121/432 - 28.0%] PEP (10-Q on 2024-07-11)
  ✅ 7d: 0.04%, 30d: 0.05%
[122/432 - 28.2%] NFLX (10-Q on 2024-07-19)
  ✅ 7d: -0.01%, 30d: 0.05%
[123/432 - 28.5%] TSLA (10-Q on 2024-07-24)
  ✅ 7d: -0.10%, 30d: -0.14%
[124/432 - 28.7%] GOOG (10-Q on 2024-07-24)
  ✅ 7d: -0.06%, 30d: -0.10%
[125/432 - 28.9%] V (10-Q on 2024-07-24)
  ✅ 7d: -0.01%, 30d: 0.01%
[126/432 - 29.2%] VZ (10-Q on 2024-07-25)
  ✅ 7d: 0.02%, 30d: 0.04%
[127/432 - 29.4%] NKE (10-K on 2024-07-25)
  ✅ 7d: 0.05%, 30d: 0.18%
[128/432 - 29.6%] JNJ (10-Q on 2024-07-25)
  ✅ 7d: 0.01%, 30d: 0.05%
[129/432 - 29.9%] KO (10-Q on 2024-07-29)
  ✅ 7d: 0.02%, 30d: 0.07%
[130/432 - 30.1%] MSFT (10-K on 2024-07-30)
  ✅ 7d: -0.07%, 30d: -0.04%
[131/432 - 30.3%] MA (10-Q on 2024-07-31)
  ✅ 7d: 0.00%, 30d: 0.07%
[132/432 - 30.6%] TMUS (10-Q on 2024-07-31)
  ✅ 7d: 0.08%, 30d: 0.14%
[133/432 - 30.8%] AMD (10-Q on 2024-07-31)
  ✅ 7d: -0.06%, 30d: 0.05%
[134/432 - 31.0%] ABT (10-Q on 2024-07-31)
  ✅ 7d: 0.04%, 30d: 0.07%
[135/432 - 31.3%] QCOM (10-Q on 2024-07-31)
  ✅ 7d: -0.05%, 30d: 0.02%
[136/432 - 31.5%] META (10-Q on 2024-08-01)
  ✅ 7d: 0.03%, 30d: 0.10%
[137/432 - 31.7%] WFC (10-Q on 2024-08-01)
  ✅ 7d: -0.12%, 30d: -0.01%
[138/432 - 31.9%] COP (10-Q on 2024-08-01)
  ✅ 7d: -0.04%, 30d: 0.02%
[139/432 - 32.2%] AAPL (10-Q on 2024-08-02)
  ✅ 7d: -0.02%, 30d: 0.05%
[140/432 - 32.4%] AMZN (10-Q on 2024-08-02)
  ✅ 7d: -0.10%, 30d: -0.03%
[141/432 - 32.6%] TMO (10-Q on 2024-08-02)
  ✅ 7d: -0.03%, 30d: -0.01%
[142/432 - 32.9%] PFE (10-Q on 2024-08-05)
  ✅ 7d: -0.04%, 30d: -0.05%
[143/432 - 33.1%] PG (10-K on 2024-08-05)
  ✅ 7d: -0.01%, 30d: 0.04%
[144/432 - 33.3%] MRK (10-Q on 2024-08-05)
  ✅ 7d: 0.01%, 30d: 0.04%
[145/432 - 33.6%] XOM (10-Q on 2024-08-05)
  ✅ 7d: 0.04%, 30d: 0.01%
[146/432 - 33.8%] BRK.B (10-Q on 2024-08-05)
    Error fetching price for BRK.B: No data found, symbol may be delisted
  ⚠️  No price data available
[147/432 - 34.0%] CVX (10-Q on 2024-08-07)
  ✅ 7d: 0.01%, 30d: -0.02%
[148/432 - 34.3%] DIS (10-Q on 2024-08-07)
  ✅ 7d: -0.05%, 30d: -0.01%
[149/432 - 34.5%] ABBV (10-Q on 2024-08-07)
  ✅ 7d: 0.03%, 30d: 0.04%
[150/432 - 34.7%] LLY (10-Q on 2024-08-08)
  ✅ 7d: 0.21%, 30d: 0.17%

📈 Progress: 150/432 (146 successful, 0 errors)

[151/432 - 35.0%] MCD (10-Q on 2024-08-08)
  ✅ 7d: 0.01%, 30d: 0.07%
[152/432 - 35.2%] UNH (10-Q on 2024-08-09)
  ✅ 7d: 0.02%, 30d: 0.05%
[153/432 - 35.4%] HD (10-Q on 2024-08-20)
  ✅ 7d: 0.03%, 30d: 0.06%
[154/432 - 35.6%] NVDA (10-Q on 2024-08-28)
  ✅ 7d: -0.16%, 30d: -0.03%
[155/432 - 35.9%] CRM (10-Q on 2024-08-29)
  ✅ 7d: -0.04%, 30d: 0.07%
[156/432 - 36.1%] WMT (10-Q on 2024-08-30)
  ✅ 7d: 0.01%, 30d: 0.04%
[157/432 - 36.3%] CSCO (10-K on 2024-09-05)
  ✅ 7d: -0.01%, 30d: 0.06%
[158/432 - 36.6%] ORCL (10-Q on 2024-09-10)
  ✅ 7d: 0.22%, 30d: 0.27%
[159/432 - 36.8%] AVGO (10-Q on 2024-09-11)
  ✅ 7d: 0.10%, 30d: 0.25%
[160/432 - 37.0%] ADBE (10-Q on 2024-09-25)
  ✅ 7d: -0.04%, 30d: -0.08%
[161/432 - 37.3%] NKE (10-Q on 2024-10-07)
  ✅ 7d: 0.01%, 30d: -0.04%
[162/432 - 37.5%] PEP (10-Q on 2024-10-08)
  ✅ 7d: 0.05%, 30d: -0.01%
[163/432 - 37.7%] COST (10-K on 2024-10-09)
  ✅ 7d: 0.00%, 30d: 0.03%
[164/432 - 38.0%] PG (10-Q on 2024-10-18)
  ✅ 7d: -0.02%, 30d: -0.02%
[165/432 - 38.2%] NFLX (10-Q on 2024-10-18)
  ✅ 7d: 0.10%, 30d: 0.20%
[166/432 - 38.4%] JNJ (10-Q on 2024-10-23)
  ✅ 7d: -0.02%, 30d: -0.05%
[167/432 - 38.7%] TMUS (10-Q on 2024-10-23)
  ✅ 7d: 0.03%, 30d: 0.08%
[168/432 - 38.9%] TSLA (10-Q on 2024-10-24)
  ✅ 7d: 0.21%, 30d: 0.65%
[169/432 - 39.1%] KO (10-Q on 2024-10-24)
  ✅ 7d: -0.03%, 30d: -0.06%
[170/432 - 39.4%] VZ (10-Q on 2024-10-25)
  ✅ 7d: 0.01%, 30d: 0.03%
[171/432 - 39.6%] BAC (10-Q on 2024-10-29)
  ✅ 7d: -0.03%, 30d: 0.12%
[172/432 - 39.8%] AMD (10-Q on 2024-10-30)
  ✅ 7d: -0.15%, 30d: -0.17%
[173/432 - 40.0%] JPM (10-Q on 2024-10-30)
  ✅ 7d: -0.01%, 30d: 0.12%
[174/432 - 40.3%] LLY (10-Q on 2024-10-30)
  ✅ 7d: -0.11%, 30d: -0.12%
[175/432 - 40.5%] GOOG (10-Q on 2024-10-30)
  ✅ 7d: 0.00%, 30d: -0.00%
[176/432 - 40.7%] MSFT (10-Q on 2024-10-30)
  ✅ 7d: -0.05%, 30d: -0.02%
[177/432 - 41.0%] ABT (10-Q on 2024-10-31)
  ✅ 7d: 0.02%, 30d: 0.04%
[178/432 - 41.2%] META (10-Q on 2024-10-31)
  ✅ 7d: -0.03%, 30d: -0.03%
[179/432 - 41.4%] MA (10-Q on 2024-10-31)
  ✅ 7d: 0.01%, 30d: 0.04%
[180/432 - 41.7%] COP (10-Q on 2024-10-31)
  ✅ 7d: 0.10%, 30d: 0.05%
[181/432 - 41.9%] WFC (10-Q on 2024-10-31)
  ✅ 7d: 0.11%, 30d: 0.16%
[182/432 - 42.1%] AAPL (10-K on 2024-11-01)
  ✅ 7d: 0.01%, 30d: 0.05%
[183/432 - 42.4%] AMZN (10-Q on 2024-11-01)
  ✅ 7d: 0.13%, 30d: 0.12%
[184/432 - 42.6%] TMO (10-Q on 2024-11-01)
  ✅ 7d: 0.02%, 30d: -0.03%
[185/432 - 42.8%] XOM (10-Q on 2024-11-04)
  ✅ 7d: 0.02%, 30d: -0.01%
[186/432 - 43.1%] UNH (10-Q on 2024-11-04)
  ✅ 7d: 0.12%, 30d: 0.09%
[187/432 - 43.3%] ABBV (10-Q on 2024-11-04)
  ✅ 7d: -0.13%, 30d: -0.09%
[188/432 - 43.5%] BRK.B (10-Q on 2024-11-04)
    Error fetching price for BRK.B: No data found, symbol may be delisted
  ⚠️  No price data available
[189/432 - 43.8%] PFE (10-Q on 2024-11-04)
  ✅ 7d: -0.05%, 30d: -0.08%
[190/432 - 44.0%] MRK (10-Q on 2024-11-06)
  ✅ 7d: -0.03%, 30d: 0.02%
[191/432 - 44.2%] QCOM (10-K on 2024-11-06)
  ✅ 7d: -0.02%, 30d: -0.03%
[192/432 - 44.4%] CVX (10-Q on 2024-11-07)
  ✅ 7d: 0.01%, 30d: -0.02%
[193/432 - 44.7%] MCD (10-Q on 2024-11-07)
  ✅ 7d: 0.01%, 30d: 0.02%
[194/432 - 44.9%] V (10-K on 2024-11-13)
  ✅ 7d: 0.01%, 30d: 0.01%
[195/432 - 45.1%] DIS (10-K on 2024-11-14)
  ✅ 7d: 0.11%, 30d: 0.10%
[196/432 - 45.4%] HD (10-Q on 2024-11-19)
  ✅ 7d: 0.04%, 30d: -0.04%
[197/432 - 45.6%] CSCO (10-Q on 2024-11-19)
  ✅ 7d: 0.02%, 30d: 0.00%
[198/432 - 45.8%] NVDA (10-Q on 2024-11-20)
  ✅ 7d: -0.07%, 30d: -0.11%
[199/432 - 46.1%] CRM (10-Q on 2024-12-04)
  ✅ 7d: 0.05%, 30d: -0.00%
[200/432 - 46.3%] WMT (10-Q on 2024-12-06)
  ✅ 7d: -0.01%, 30d: -0.05%

📈 Progress: 200/432 (195 successful, 0 errors)

[201/432 - 46.5%] ORCL (10-Q on 2024-12-10)
  ✅ 7d: -0.10%, 30d: -0.14%
[202/432 - 46.8%] COST (10-Q on 2024-12-19)
  ✅ 7d: -0.01%, 30d: -0.02%
[203/432 - 47.0%] AVGO (10-K on 2024-12-20)
  ✅ 7d: 0.12%, 30d: 0.09%
[204/432 - 47.2%] NKE (10-Q on 2025-01-03)
  ✅ 7d: -0.03%, 30d: 0.04%
[205/432 - 47.5%] ADBE (10-K on 2025-01-13)
  ✅ 7d: 0.07%, 30d: 0.12%
[206/432 - 47.7%] PG (10-Q on 2025-01-22)
  ✅ 7d: 0.03%, 30d: 0.03%
[207/432 - 47.9%] NFLX (10-K on 2025-01-27)
  ✅ 7d: 0.01%, 30d: 0.01%
[208/432 - 48.1%] MSFT (10-Q on 2025-01-29)
  ✅ 7d: -0.08%, 30d: -0.12%
[209/432 - 48.4%] META (10-K on 2025-01-30)
  ✅ 7d: 0.04%, 30d: -0.01%
[210/432 - 48.6%] TSLA (10-K on 2025-01-30)
  ✅ 7d: -0.03%, 30d: -0.25%
[211/432 - 48.8%] TMUS (10-K on 2025-01-31)
  ✅ 7d: 0.05%, 30d: 0.15%
[212/432 - 49.1%] V (10-Q on 2025-01-31)
  ✅ 7d: 0.01%, 30d: 0.06%
[213/432 - 49.3%] AAPL (10-Q on 2025-01-31)
  ✅ 7d: -0.02%, 30d: 0.02%
[214/432 - 49.5%] PEP (10-K on 2025-02-04)
  ✅ 7d: -0.04%, 30d: 0.02%
[215/432 - 49.8%] DIS (10-Q on 2025-02-05)
  ✅ 7d: -0.04%, 30d: -0.07%
[216/432 - 50.0%] AMD (10-K on 2025-02-05)
  ✅ 7d: -0.07%, 30d: -0.17%
[217/432 - 50.2%] QCOM (10-Q on 2025-02-05)
  ✅ 7d: -0.01%, 30d: -0.10%
[218/432 - 50.5%] GOOG (10-K on 2025-02-05)
  ✅ 7d: -0.10%, 30d: -0.16%
[219/432 - 50.7%] AMZN (10-K on 2025-02-07)
  ✅ 7d: -0.04%, 30d: -0.17%
[220/432 - 50.9%] MA (10-K on 2025-02-12)
  ✅ 7d: 0.01%, 30d: -0.08%
[221/432 - 51.2%] VZ (10-K on 2025-02-12)
  ✅ 7d: 0.02%, 30d: 0.08%
[222/432 - 51.4%] JNJ (10-K on 2025-02-13)
  ✅ 7d: 0.02%, 30d: 0.05%
[223/432 - 51.6%] JPM (10-K on 2025-02-14)
  ✅ 7d: -0.03%, 30d: -0.16%
[224/432 - 51.9%] ABBV (10-K on 2025-02-14)
  ✅ 7d: 0.04%, 30d: 0.09%
[225/432 - 52.1%] CSCO (10-Q on 2025-02-18)
  ✅ 7d: -0.02%, 30d: -0.05%
[226/432 - 52.3%] COP (10-K on 2025-02-18)
  ✅ 7d: 0.01%, 30d: 0.04%
[227/432 - 52.5%] LLY (10-K on 2025-02-19)
  ✅ 7d: 0.05%, 30d: -0.02%
[228/432 - 52.8%] XOM (10-K on 2025-02-19)
  ✅ 7d: -0.00%, 30d: 0.05%
[229/432 - 53.0%] TMO (10-K on 2025-02-20)
  ✅ 7d: 0.00%, 30d: -0.02%
[230/432 - 53.2%] KO (10-K on 2025-02-20)
  ✅ 7d: 0.01%, 30d: -0.02%
[231/432 - 53.5%] CVX (10-K on 2025-02-21)
  ✅ 7d: -0.01%, 30d: 0.04%
[232/432 - 53.7%] ABT (10-K on 2025-02-21)
  ✅ 7d: 0.02%, 30d: -0.05%
[233/432 - 53.9%] BRK.B (10-K on 2025-02-24)
    Error fetching price for BRK.B: No data found, symbol may be delisted
  ⚠️  No price data available
[234/432 - 54.2%] BAC (10-K on 2025-02-25)
  ✅ 7d: 0.02%, 30d: -0.04%
[235/432 - 54.4%] MRK (10-K on 2025-02-25)
  ✅ 7d: 0.02%, 30d: -0.03%
[236/432 - 54.6%] WFC (10-K on 2025-02-25)
  ✅ 7d: -0.00%, 30d: -0.05%
[237/432 - 54.9%] MCD (10-K on 2025-02-25)
  ✅ 7d: -0.01%, 30d: 0.02%
[238/432 - 55.1%] NVDA (10-K on 2025-02-26)
  ✅ 7d: -0.08%, 30d: -0.12%
[239/432 - 55.3%] PFE (10-K on 2025-02-27)
  ✅ 7d: -0.02%, 30d: -0.05%
[240/432 - 55.6%] UNH (10-K on 2025-02-27)
  ✅ 7d: 0.03%, 30d: 0.11%
[241/432 - 55.8%] CRM (10-K on 2025-03-05)
  ✅ 7d: -0.04%, 30d: -0.11%
[242/432 - 56.0%] ORCL (10-Q on 2025-03-11)
  ✅ 7d: 0.04%, 30d: -0.06%
[243/432 - 56.3%] AVGO (10-Q on 2025-03-12)
  ✅ 7d: -0.01%, 30d: -0.09%
[244/432 - 56.5%] COST (10-Q on 2025-03-13)
  ✅ 7d: -0.02%, 30d: 0.04%
[245/432 - 56.7%] WMT (10-K on 2025-03-14)
  ✅ 7d: 0.02%, 30d: 0.10%
[246/432 - 56.9%] HD (10-K on 2025-03-21)
  ✅ 7d: 0.02%, 30d: -0.02%
[247/432 - 57.2%] ADBE (10-Q on 2025-03-26)
  ✅ 7d: -0.05%, 30d: -0.11%
[248/432 - 57.4%] NKE (10-Q on 2025-04-03)
  ✅ 7d: -0.09%, 30d: -0.10%
[249/432 - 57.6%] NFLX (10-Q on 2025-04-18)
  ✅ 7d: 0.13%, 30d: 0.22%
[250/432 - 57.9%] JNJ (10-Q on 2025-04-23)
  ✅ 7d: -0.01%, 30d: -0.03%

📈 Progress: 250/432 (244 successful, 0 errors)

[251/432 - 58.1%] TSLA (10-Q on 2025-04-23)
  ✅ 7d: 0.23%, 30d: 0.43%
[252/432 - 58.3%] TMUS (10-Q on 2025-04-24)
  ✅ 7d: -0.05%, 30d: -0.06%
[253/432 - 58.6%] PEP (10-Q on 2025-04-24)
  ✅ 7d: -0.05%, 30d: -0.09%
[254/432 - 58.8%] PG (10-Q on 2025-04-24)
  ✅ 7d: -0.02%, 30d: 0.00%
[255/432 - 59.0%] VZ (10-Q on 2025-04-25)
  ✅ 7d: 0.01%, 30d: 0.01%
[256/432 - 59.3%] GOOG (10-Q on 2025-04-25)
  ✅ 7d: 0.01%, 30d: 0.05%
[257/432 - 59.5%] WFC (10-Q on 2025-04-29)
  ✅ 7d: 0.06%, 30d: 0.06%
[258/432 - 59.7%] ABT (10-Q on 2025-04-30)
  ✅ 7d: 0.02%, 30d: 0.02%
[259/432 - 60.0%] MSFT (10-Q on 2025-04-30)
  ✅ 7d: 0.10%, 30d: 0.16%
[260/432 - 60.2%] BAC (10-Q on 2025-04-30)
  ✅ 7d: 0.02%, 30d: 0.11%
[261/432 - 60.4%] V (10-Q on 2025-04-30)
  ✅ 7d: 0.02%, 30d: 0.06%
[262/432 - 60.6%] QCOM (10-Q on 2025-04-30)
  ✅ 7d: -0.05%, 30d: 0.01%
[263/432 - 60.9%] JPM (10-Q on 2025-05-01)
  ✅ 7d: 0.02%, 30d: 0.08%
[264/432 - 61.1%] LLY (10-Q on 2025-05-01)
  ✅ 7d: -0.14%, 30d: -0.18%
[265/432 - 61.3%] META (10-Q on 2025-05-01)
  ✅ 7d: 0.09%, 30d: 0.18%
[266/432 - 61.6%] KO (10-Q on 2025-05-01)
  ✅ 7d: -0.00%, 30d: -0.01%
[267/432 - 61.8%] MA (10-Q on 2025-05-01)
  ✅ 7d: 0.03%, 30d: 0.07%
[268/432 - 62.0%] AMZN (10-Q on 2025-05-02)
  ✅ 7d: 0.01%, 30d: 0.08%
[269/432 - 62.3%] AAPL (10-Q on 2025-05-02)
  ✅ 7d: -0.07%, 30d: -0.06%
[270/432 - 62.5%] TMO (10-Q on 2025-05-02)
  ✅ 7d: -0.02%, 30d: -0.04%
[271/432 - 62.7%] MRK (10-Q on 2025-05-02)
  ✅ 7d: -0.07%, 30d: -0.08%
[272/432 - 63.0%] XOM (10-Q on 2025-05-05)
  ✅ 7d: 0.06%, 30d: 0.01%
[273/432 - 63.2%] PFE (10-Q on 2025-05-05)
  ✅ 7d: -0.03%, 30d: -0.02%
[274/432 - 63.4%] BRK.B (10-Q on 2025-05-05)
    Error fetching price for BRK.B: No data found, symbol may be delisted
  ⚠️  No price data available
[275/432 - 63.7%] AMD (10-Q on 2025-05-07)
  ✅ 7d: 0.14%, 30d: 0.17%
[276/432 - 63.9%] DIS (10-Q on 2025-05-07)
  ✅ 7d: 0.21%, 30d: 0.22%
[277/432 - 64.1%] UNH (10-Q on 2025-05-07)
  ✅ 7d: -0.21%, 30d: -0.25%
[278/432 - 64.4%] COP (10-Q on 2025-05-08)
  ✅ 7d: 0.06%, 30d: -0.01%
[279/432 - 64.6%] CVX (10-Q on 2025-05-08)
  ✅ 7d: 0.04%, 30d: 0.03%
[280/432 - 64.8%] ABBV (10-Q on 2025-05-09)
  ✅ 7d: -0.02%, 30d: 0.02%
[281/432 - 65.0%] MCD (10-Q on 2025-05-12)
  ✅ 7d: 0.03%, 30d: -0.04%
[282/432 - 65.3%] CSCO (10-Q on 2025-05-20)
  ✅ 7d: -0.00%, 30d: 0.03%
[283/432 - 65.5%] NVDA (10-Q on 2025-05-28)
  ✅ 7d: 0.04%, 30d: 0.14%
[284/432 - 65.7%] HD (10-Q on 2025-05-28)
  ✅ 7d: 0.01%, 30d: -0.02%
[285/432 - 66.0%] CRM (10-Q on 2025-05-29)
  ✅ 7d: -0.05%, 30d: -0.01%
[286/432 - 66.2%] COST (10-Q on 2025-06-05)
  ✅ 7d: -0.05%, 30d: -0.06%
[287/432 - 66.4%] WMT (10-Q on 2025-06-06)
  ✅ 7d: -0.03%, 30d: 0.01%
[288/432 - 66.7%] AVGO (10-Q on 2025-06-11)
  ✅ 7d: 0.02%, 30d: 0.13%
[289/432 - 66.9%] ORCL (10-K on 2025-06-18)
  ✅ 7d: 0.03%, 30d: 0.19%
[290/432 - 67.1%] ADBE (10-Q on 2025-06-25)
  ✅ 7d: 0.03%, 30d: -0.03%
[291/432 - 67.4%] ADBE (10-Q on 2025-06-25)
  ✅ 7d: 0.03%, 30d: -0.03%
[292/432 - 67.6%] NKE (10-K on 2025-07-17)
  ✅ 7d: 0.06%, 30d: 0.07%
[293/432 - 67.8%] SNA (10-Q on 2025-07-17)
  ✅ 7d: 0.05%, 30d: 0.04%
[294/432 - 68.1%] PEP (10-Q on 2025-07-17)
  ✅ 7d: 0.08%, 30d: 0.11%
[295/432 - 68.3%] NFLX (10-Q on 2025-07-18)
  ✅ 7d: -0.07%, 30d: -0.03%
[296/432 - 68.5%] NFLX (10-Q on 2025-07-18)
  ✅ 7d: -0.07%, 30d: -0.03%
[297/432 - 68.8%] ARE (10-Q on 2025-07-21)
  ✅ 7d: 0.01%, 30d: 0.00%
[298/432 - 69.0%] EFX (10-Q on 2025-07-22)
  ✅ 7d: -0.07%, 30d: -0.04%
[299/432 - 69.2%] NOC (10-Q on 2025-07-22)
  ✅ 7d: 0.10%, 30d: 0.15%
[300/432 - 69.4%] TMUS (10-Q on 2025-07-23)
  ✅ 7d: 0.03%, 30d: 0.11%

📈 Progress: 300/432 (293 successful, 0 errors)

[301/432 - 69.7%] ISRG (10-Q on 2025-07-23)
  ✅ 7d: -0.03%, 30d: -0.08%
[302/432 - 69.9%] GOOG (10-Q on 2025-07-24)
  ✅ 7d: 0.03%, 30d: 0.08%
[303/432 - 70.1%] JNJ (10-Q on 2025-07-24)
  ✅ 7d: -0.01%, 30d: 0.06%
[304/432 - 70.4%] TSLA (10-Q on 2025-07-24)
  ✅ 7d: -0.04%, 30d: 0.02%
[305/432 - 70.6%] IBM (10-Q on 2025-07-24)
  ✅ 7d: -0.08%, 30d: -0.14%
[306/432 - 70.8%] NOW (10-Q on 2025-07-24)
  ✅ 7d: 0.02%, 30d: -0.07%
[307/432 - 71.1%] TSLA (10-Q on 2025-07-24)
  ✅ 7d: -0.04%, 30d: 0.02%
[308/432 - 71.3%] RNR (10-Q on 2025-07-24)
  ✅ 7d: 0.03%, 30d: 0.04%
[309/432 - 71.5%] KO (10-Q on 2025-07-24)
  ✅ 7d: -0.01%, 30d: 0.01%
[310/432 - 71.8%] ALLE (10-Q on 2025-07-24)
  ✅ 7d: 0.07%, 30d: 0.12%
[311/432 - 72.0%] HLX (10-Q on 2025-07-24)
  ✅ 7d: -0.10%, 30d: -0.08%
[312/432 - 72.2%] KO (10-Q on 2025-07-24)
  ✅ 7d: -0.01%, 30d: 0.01%
[313/432 - 72.5%] JNJ (10-Q on 2025-07-24)
  ✅ 7d: -0.01%, 30d: 0.06%
[314/432 - 72.7%] VZ (10-Q on 2025-07-25)
  ✅ 7d: -0.01%, 30d: 0.03%
[315/432 - 72.9%] TDY (10-Q on 2025-07-28)
  ✅ 7d: -0.01%, 30d: -0.02%
[316/432 - 73.1%] TXN (10-Q on 2025-07-29)
  ✅ 7d: -0.03%, 30d: 0.09%
[317/432 - 73.4%] MAT (10-Q on 2025-07-29)
  ✅ 7d: -0.04%, 30d: 0.05%
[318/432 - 73.6%] MDLZ (10-Q on 2025-07-29)
  ✅ 7d: -0.09%, 30d: -0.11%
[319/432 - 73.8%] V (10-Q on 2025-07-30)
  ✅ 7d: -0.04%, 30d: -0.00%
[320/432 - 74.1%] ABT (10-Q on 2025-07-30)
  ✅ 7d: 0.02%, 30d: 0.03%
[321/432 - 74.3%] ABT (10-Q on 2025-07-30)
  ✅ 7d: 0.02%, 30d: 0.03%
[322/432 - 74.5%] RSG (10-Q on 2025-07-30)
  ✅ 7d: -0.06%, 30d: -0.05%
[323/432 - 74.8%] QCOM (10-Q on 2025-07-30)
  ✅ 7d: -0.09%, 30d: -0.01%
[324/432 - 75.0%] FICO (10-Q on 2025-07-30)
  ✅ 7d: -0.11%, 30d: 0.00%
[325/432 - 75.2%] CDNS (10-Q on 2025-07-30)
  ✅ 7d: -0.02%, 30d: -0.03%
[326/432 - 75.5%] QCOM (10-Q on 2025-07-30)
  ✅ 7d: -0.09%, 30d: -0.01%
[327/432 - 75.7%] ESS (10-Q on 2025-07-30)
  ✅ 7d: -0.11%, 30d: -0.08%
[328/432 - 75.9%] MSFT (10-K on 2025-07-30)
  ✅ 7d: 0.03%, 30d: -0.01%
[329/432 - 76.2%] MSFT (10-K on 2025-07-30)
  ✅ 7d: 0.03%, 30d: -0.01%
[330/432 - 76.4%] META (10-Q on 2025-07-31)
  ✅ 7d: 0.11%, 30d: 0.06%
[331/432 - 76.6%] MA (10-Q on 2025-07-31)
  ✅ 7d: 0.02%, 30d: 0.06%
[332/432 - 76.9%] MA (10-Q on 2025-07-31)
  ✅ 7d: 0.02%, 30d: 0.06%
[333/432 - 77.1%] BAC (10-Q on 2025-07-31)
  ✅ 7d: -0.05%, 30d: 0.06%
[334/432 - 77.3%] SO (10-Q on 2025-07-31)
  ✅ 7d: -0.00%, 30d: -0.03%
[335/432 - 77.5%] PTC (10-Q on 2025-07-31)
  ✅ 7d: 0.07%, 30d: 0.05%
[336/432 - 77.8%] MAA (10-Q on 2025-07-31)
  ✅ 7d: -0.05%, 30d: -0.02%
[337/432 - 78.0%] META (10-Q on 2025-07-31)
  ✅ 7d: 0.11%, 30d: 0.06%
[338/432 - 78.2%] IR (10-Q on 2025-07-31)
  ✅ 7d: -0.11%, 30d: -0.07%
[339/432 - 78.5%] PRU (10-Q on 2025-07-31)
  ✅ 7d: 0.02%, 30d: 0.08%
[340/432 - 78.7%] BLDR (10-Q on 2025-07-31)
  ✅ 7d: 0.04%, 30d: 0.10%
[341/432 - 78.9%] KIM (10-Q on 2025-08-01)
  ✅ 7d: -0.00%, 30d: 0.06%
[342/432 - 79.2%] AMZN (10-Q on 2025-08-01)
  ✅ 7d: -0.05%, 30d: -0.02%
[343/432 - 79.4%] AAPL (10-Q on 2025-08-01)
  ✅ 7d: 0.06%, 30d: 0.12%
[344/432 - 79.6%] TMO (10-Q on 2025-08-01)
  ✅ 7d: -0.03%, 30d: 0.05%
[345/432 - 79.9%] TMO (10-Q on 2025-08-01)
  ✅ 7d: -0.03%, 30d: 0.05%
[346/432 - 80.1%] LYB (10-Q on 2025-08-01)
  ✅ 7d: -0.13%, 30d: -0.03%
[347/432 - 80.3%] SPGI (10-Q on 2025-08-01)
  ✅ 7d: 0.01%, 30d: -0.00%
[348/432 - 80.6%] GS (10-Q on 2025-08-01)
  ✅ 7d: -0.01%, 30d: 0.03%
[349/432 - 80.8%] AAPL (10-Q on 2025-08-01)
  ✅ 7d: 0.06%, 30d: 0.12%
[350/432 - 81.0%] GWW (10-Q on 2025-08-01)
  ✅ 7d: -0.09%, 30d: -0.03%

📈 Progress: 350/432 (343 successful, 0 errors)

[351/432 - 81.3%] AMZN (10-Q on 2025-08-01)
  ✅ 7d: -0.05%, 30d: -0.02%
[352/432 - 81.5%] SYK (10-Q on 2025-08-01)
  ✅ 7d: -0.04%, 30d: -0.00%
[353/432 - 81.7%] BSX (10-Q on 2025-08-01)
  ✅ 7d: -0.02%, 30d: 0.01%
[354/432 - 81.9%] WRB (10-Q on 2025-08-04)
  ✅ 7d: -0.01%, 30d: 0.02%
[355/432 - 82.2%] WAT (10-Q on 2025-08-04)
  ✅ 7d: -0.02%, 30d: 0.04%
[356/432 - 82.4%] ABBV (10-Q on 2025-08-04)
  ✅ 7d: 0.01%, 30d: 0.07%
[357/432 - 82.6%] HCA (10-Q on 2025-08-04)
  ✅ 7d: 0.05%, 30d: 0.12%
[358/432 - 82.9%] WMB (10-Q on 2025-08-04)
  ✅ 7d: -0.04%, 30d: -0.05%
[359/432 - 83.1%] BRK.B (10-Q on 2025-08-04)
    Error fetching price for BRK.B: No data found, symbol may be delisted
  ⚠️  No price data available
[360/432 - 83.3%] XOM (10-Q on 2025-08-04)
  ✅ 7d: -0.01%, 30d: 0.07%
[361/432 - 83.6%] PG (10-K on 2025-08-04)
  ✅ 7d: 0.03%, 30d: 0.05%
[362/432 - 83.8%] PG (10-K on 2025-08-04)
  ✅ 7d: 0.03%, 30d: 0.05%
[363/432 - 84.0%] ABBV (10-Q on 2025-08-04)
  ✅ 7d: 0.01%, 30d: 0.07%
[364/432 - 84.3%] CAKE (10-Q on 2025-08-04)
  ✅ 7d: -0.02%, 30d: -0.02%
[365/432 - 84.5%] XOM (10-Q on 2025-08-04)
  ✅ 7d: -0.01%, 30d: 0.07%
[366/432 - 84.7%] CTRA (10-Q on 2025-08-05)
  ✅ 7d: 0.00%, 30d: 0.01%
[367/432 - 85.0%] GNRC (10-Q on 2025-08-05)
  ✅ 7d: 0.00%, 30d: -0.11%
[368/432 - 85.2%] JPM (10-Q on 2025-08-05)
  ✅ 7d: -0.02%, 30d: 0.02%
[369/432 - 85.4%] VRTX (10-Q on 2025-08-05)
  ✅ 7d: -0.21%, 30d: -0.16%
[370/432 - 85.6%] PFE (10-Q on 2025-08-05)
  ✅ 7d: 0.04%, 30d: 0.05%
[371/432 - 85.9%] PFE (10-Q on 2025-08-05)
  ✅ 7d: 0.04%, 30d: 0.05%
[372/432 - 86.1%] MRK (10-Q on 2025-08-05)
  ✅ 7d: 0.00%, 30d: 0.05%
[373/432 - 86.3%] WFC (10-Q on 2025-08-05)
  ✅ 7d: 0.00%, 30d: 0.04%
[374/432 - 86.6%] ETN (10-Q on 2025-08-05)
  ✅ 7d: -0.06%, 30d: -0.11%
[375/432 - 86.8%] JPM (10-Q on 2025-08-05)
  ✅ 7d: -0.02%, 30d: 0.02%
[376/432 - 87.0%] MRK (10-Q on 2025-08-05)
  ✅ 7d: 0.00%, 30d: 0.05%
[377/432 - 87.3%] LDOS (10-Q on 2025-08-05)
  ✅ 7d: 0.10%, 30d: 0.10%
[378/432 - 87.5%] MCD (10-Q on 2025-08-06)
  ✅ 7d: 0.01%, 30d: 0.06%
[379/432 - 87.7%] ADP (10-K on 2025-08-06)
  ✅ 7d: 0.00%, 30d: 0.01%
[380/432 - 88.0%] AMGN (10-Q on 2025-08-06)
  ✅ 7d: -0.05%, 30d: -0.07%
[381/432 - 88.2%] CAT (10-Q on 2025-08-06)
  ✅ 7d: -0.05%, 30d: -0.03%
[382/432 - 88.4%] GL (10-Q on 2025-08-06)
  ✅ 7d: 0.00%, 30d: 0.01%
[383/432 - 88.7%] BLK (10-Q on 2025-08-06)
  ✅ 7d: 0.05%, 30d: -0.00%
[384/432 - 88.9%] MCD (10-Q on 2025-08-06)
  ✅ 7d: 0.01%, 30d: 0.06%
[385/432 - 89.1%] DIS (10-Q on 2025-08-06)
  ✅ 7d: -0.04%, 30d: 0.00%
[386/432 - 89.4%] ROK (10-Q on 2025-08-06)
  ✅ 7d: -0.02%, 30d: -0.01%
[387/432 - 89.6%] AMD (10-Q on 2025-08-06)
  ✅ 7d: 0.00%, 30d: -0.07%
[388/432 - 89.8%] DIS (10-Q on 2025-08-06)
  ✅ 7d: -0.04%, 30d: 0.00%
[389/432 - 90.0%] CVX (10-Q on 2025-08-07)
  ✅ 7d: 0.02%, 30d: 0.01%
[390/432 - 90.3%] COP (10-Q on 2025-08-07)
  ✅ 7d: 0.03%, 30d: -0.00%
[391/432 - 90.5%] LLY (10-Q on 2025-08-07)
  ✅ 7d: -0.12%, 30d: -0.03%
[392/432 - 90.7%] COP (10-Q on 2025-08-07)
  ✅ 7d: 0.03%, 30d: -0.00%
[393/432 - 91.0%] TRGP (10-Q on 2025-08-07)
  ✅ 7d: 0.02%, 30d: -0.00%
[394/432 - 91.2%] CVX (10-Q on 2025-08-07)
  ✅ 7d: 0.02%, 30d: 0.01%
[395/432 - 91.4%] EXPE (10-Q on 2025-08-08)
  ✅ 7d: 0.10%, 30d: 0.15%
[396/432 - 91.7%] KLAC (10-K on 2025-08-08)
  ✅ 7d: 0.05%, 30d: -0.01%
[397/432 - 91.9%] ORLY (10-Q on 2025-08-08)
  ✅ 7d: -0.02%, 30d: 0.01%
[398/432 - 92.1%] SCHW (10-Q on 2025-08-08)
  ✅ 7d: 0.02%, 30d: -0.04%
[399/432 - 92.4%] LRCX (10-K on 2025-08-11)
  ✅ 7d: -0.03%, 30d: 0.03%
[400/432 - 92.6%] UNH (10-Q on 2025-08-11)
  ✅ 7d: 0.22%, 30d: 0.38%

📈 Progress: 400/432 (392 successful, 0 errors)

[401/432 - 92.8%] WDC (10-K on 2025-08-14)
  ✅ 7d: -0.01%, 30d: 0.28%
[402/432 - 93.1%] PH (10-K on 2025-08-22)
  ✅ 7d: 0.05%, 30d: 0.03%
[403/432 - 93.3%] HD (10-Q on 2025-08-26)
  ✅ 7d: -0.01%, 30d: 0.00%
[404/432 - 93.5%] NVDA (10-Q on 2025-08-27)
  ✅ 7d: -0.06%, 30d: -0.02%
[405/432 - 93.8%] SJM (10-Q on 2025-08-27)
  ✅ 7d: -0.01%, 30d: -0.02%
[406/432 - 94.0%] NVDA (10-Q on 2025-08-27)
  ✅ 7d: -0.06%, 30d: -0.02%
[407/432 - 94.2%] ULTA (10-Q on 2025-08-28)
  ✅ 7d: -0.01%, 30d: 0.03%
[408/432 - 94.4%] WMT (10-Q on 2025-08-29)
  ✅ 7d: 0.05%, 30d: 0.07%
[409/432 - 94.7%] KEYS (10-Q on 2025-08-29)
  ✅ 7d: 0.00%, 30d: 0.04%
[410/432 - 94.9%] A (10-Q on 2025-08-29)
  ✅ 7d: 0.03%, 30d: -0.01%
[411/432 - 95.1%] TJX (10-Q on 2025-08-29)
  ✅ 7d: 0.03%, 30d: 0.04%
[412/432 - 95.4%] CSCO (10-K on 2025-09-03)
  ✅ 7d: -0.01%, 30d: 0.01%
[413/432 - 95.6%] CSCO (10-K on 2025-09-03)
  ✅ 7d: -0.01%, 30d: 0.01%
[414/432 - 95.8%] INTU (10-K on 2025-09-03)
  ✅ 7d: 0.01%, 30d: 0.03%
[415/432 - 96.1%] CRM (10-Q on 2025-09-04)
  ✅ 7d: -0.05%, 30d: -0.06%
[416/432 - 96.3%] CRM (10-Q on 2025-09-04)
  ✅ 7d: -0.05%, 30d: -0.06%
[417/432 - 96.5%] ORCL (10-Q on 2025-09-10)
  ✅ 7d: 0.27%, 30d: 0.23%
[418/432 - 96.8%] ORCL (10-Q on 2025-09-10)
  ✅ 7d: 0.27%, 30d: 0.23%
[419/432 - 97.0%] AVGO (10-Q on 2025-09-10)
  ✅ 7d: 0.07%, 30d: 0.02%
[420/432 - 97.2%] AVGO (10-Q on 2025-09-10)
  ✅ 7d: 0.07%, 30d: 0.02%
[421/432 - 97.5%] ADBE (10-Q on 2025-09-24)
  ✅ 7d: -0.02%, 30d: -0.02%
[422/432 - 97.7%] ADBE (10-Q on 2025-09-24)
  ✅ 7d: -0.02%, 30d: -0.02%
[423/432 - 97.9%] CPRT (10-K on 2025-09-26)
  ✅ 7d: -0.01%, 30d: -0.01%
[424/432 - 98.1%] NKE (10-Q on 2025-10-01)
  ✅ 7d: -0.01%, 30d: -0.07%
[425/432 - 98.4%] NKE (10-Q on 2025-10-01)
  ✅ 7d: -0.01%, 30d: -0.07%
[426/432 - 98.6%] MU (10-K on 2025-10-03)
  ✅ 7d: 0.05%, 30d: 0.22%
[427/432 - 98.8%] CTAS (10-Q on 2025-10-08)
    Error fetching price for CTAS: Data doesn't exist for startDate = 1762304400, endDate = 1762650000
  ✅ 7d: -0.05%, 30d: undefined%
[428/432 - 99.1%] COST (10-K on 2025-10-08)
    Error fetching price for COST: Data doesn't exist for startDate = 1762304400, endDate = 1762650000
  ✅ 7d: 0.03%, 30d: undefined%
[429/432 - 99.3%] COST (10-K on 2025-10-08)
    Error fetching price for COST: Data doesn't exist for startDate = 1762304400, endDate = 1762650000
  ✅ 7d: 0.03%, 30d: undefined%
[430/432 - 99.5%] PEP (10-Q on 2025-10-09)
    Error fetching price for PEP: Data doesn't exist for startDate = 1762390800, endDate = 1762736400
  ✅ 7d: 0.09%, 30d: undefined%
[431/432 - 99.8%] PEP (10-Q on 2025-10-09)
    Error fetching price for PEP: Data doesn't exist for startDate = 1762390800, endDate = 1762736400
  ✅ 7d: 0.09%, 30d: undefined%
[432/432 - 100.0%] ACN (10-K on 2025-10-10)
    Error fetching price for ACN: Data doesn't exist for startDate = 1762477200, endDate = 1762822800
  ✅ 7d: -0.07%, 30d: undefined%

════════════════════════════════════════════════════════════════════════════════
📊 BACKFILL COMPLETE

  Processed: 432
  Successful: 424
  Errors: 0

  Total with 7d returns: 424
  Total with 30d returns: 418

═
═
═
═
═
═
═
═
═
═
═
═
═
═
═
═
═
═
═
═
═
═
═
═
═
═
═
═
═
═
═
═
═
═
═
═
═
═
═
═
═
═
═
═
═
═
═
═
═
═
═
═
═
═
═
═
═
═
═
═
═
═
═
═
═
═
═
═
═
═
═
═
═
═
═
═
═
═
═
═

📋 NEXT STEPS:
   1. Export updated dataset: npx tsx scripts/export-ml-dataset.ts
   2. Re-run ML analysis: python3 scripts/ml_analysis.py
   3. Expect 65-70% accuracy with 30-day returns!

