📈 Starting stock price backfill...

Found 189 filings to process

[1/189] Processing DE - 8-K on 2025-10-09...
[Deprecated] historical() relies on an API that Yahoo have removed.  We'll map this request to chart() for convenience, but, please consider using chart() directly instead; for more info see https://github.com/gadicc/node-yahoo-finance2/issues/795.  This will only be shown once, but you can suppress this message in future with `yahooFinance.suppressNotices(['ripHistorical'])`.
  ✅ Return: -3.75% (4 price points)
[2/189] Processing MO - 8-K on 2025-10-09...
  ✅ Return: -1.17% (4 price points)
[3/189] Processing PEP - 10-Q on 2025-10-09...
  ✅ Return: +2.89% (4 price points)
[4/189] Processing LOW - 8-K on 2025-10-09...
  ✅ Return: -0.08% (4 price points)
[5/189] Processing ICE - 8-K on 2025-10-07...
  ✅ Return: -1.99% (6 price points)
[6/189] Processing SLB - 8-K on 2025-10-07...
  ✅ Return: -6.22% (6 price points)
[7/189] Processing OXY - 8-K on 2025-10-03...
  ✅ Return: -5.73% (8 price points)
[8/189] Processing NRG - 8-K on 2025-10-01...
  ✅ Return: -0.91% (10 price points)
[9/189] Processing HON - 8-K on 2025-10-01...
  ✅ Return: -4.41% (10 price points)
[10/189] Processing SHW - 8-K on 2025-10-01...
  ✅ Return: -2.46% (10 price points)
[11/189] Processing CCL - 8-K on 2025-09-30...
  ✅ Return: -1.59% (10 price points)
[12/189] Processing NKE - 8-K on 2025-09-30...
  ✅ Return: -2.39% (10 price points)
[13/189] Processing CEG - 8-K on 2025-09-29...
  ✅ Return: +10.99% (10 price points)
[14/189] Processing AEE - 8-K on 2025-09-26...
  ✅ Return: +2.46% (10 price points)
[15/189] Processing AMAT - 8-K on 2025-09-26...
  ✅ Return: +3.75% (10 price points)
[16/189] Processing ACN - 8-K on 2025-09-25...
  ✅ Return: +5.07% (10 price points)
[17/189] Processing SBUX - 8-K on 2025-09-25...
  ✅ Return: +3.45% (10 price points)
[18/189] Processing CTAS - 8-K on 2025-09-24...
  ✅ Return: +1.28% (10 price points)
[19/189] Processing MS - 8-K on 2025-09-23...
  ✅ Return: -3.40% (10 price points)
[20/189] Processing MU - 8-K on 2025-09-23...
  ✅ Return: +10.42% (10 price points)
[21/189] Processing RCL - 8-K on 2025-09-23...
  ✅ Return: -3.17% (10 price points)
[22/189] Processing MCK - 8-K on 2025-09-23...
  ✅ Return: +2.35% (10 price points)
[23/189] Processing PLD - 8-K on 2025-09-22...
  ✅ Return: +2.24% (10 price points)
[24/189] Processing ORCL - 8-K on 2025-09-22...
  ✅ Return: -11.93% (10 price points)
[25/189] Processing TMUS - 8-K on 2025-09-22...
  ✅ Return: -1.76% (10 price points)
[26/189] Processing ADI - 8-K on 2025-09-19...
  ✅ Return: +0.15% (10 price points)
[27/189] Processing AMAT - 8-K on 2025-09-19...
  ✅ Return: +7.70% (10 price points)
[28/189] Processing AMT - 8-K on 2025-09-18...
  ✅ Return: +0.35% (10 price points)
[29/189] Processing AMT - 8-K on 2025-09-16...
  ✅ Return: -0.52% (10 price points)
[30/189] Processing T - 8-K on 2025-09-16...
  ✅ Return: -3.51% (10 price points)
[31/189] Processing ELV - 8-K on 2025-09-15...
  ✅ Return: +6.34% (10 price points)
[32/189] Processing AXP - 8-K on 2025-09-15...
  ✅ Return: +4.04% (10 price points)
[33/189] Processing SO - 8-K on 2025-09-15...
  ✅ Return: +2.31% (10 price points)
[34/189] Processing COF - 8-K on 2025-09-15...
  ✅ Return: -0.97% (10 price points)
[35/189] Processing HPE - 8-K on 2025-09-15...
  ✅ Return: -1.53% (10 price points)
[36/189] Processing BAC - 8-K on 2025-09-12...
  ✅ Return: +2.21% (10 price points)
[37/189] Processing DUK - 8-K on 2025-09-12...
  ✅ Return: +0.94% (10 price points)
[38/189] Processing ABBV - 8-K on 2025-09-11...
  ✅ Return: +0.80% (10 price points)
[39/189] Processing C - 8-K on 2025-09-11...
  ✅ Return: +3.63% (10 price points)
[40/189] Processing AVGO - 8-K on 2025-09-10...
  ✅ Return: -6.66% (10 price points)
[41/189] Processing AVGO - 10-Q on 2025-09-10...
  ✅ Return: -6.66% (10 price points)
[42/189] Processing ORCL - 10-Q on 2025-09-10...
  ✅ Return: -5.99% (10 price points)
[43/189] Processing HD - 8-K on 2025-09-10...
  ✅ Return: +0.60% (10 price points)
[44/189] Processing SYF - 8-K on 2025-09-10...
  ✅ Return: +2.48% (10 price points)
[45/189] Processing SNPS - 8-K on 2025-09-09...
  ✅ Return: -20.56% (10 price points)
[46/189] Processing CPRT - 8-K on 2025-09-04...
  ✅ Return: -2.14% (10 price points)
[47/189] Processing TMUS - 8-K on 2025-09-04...
  ✅ Return: -4.26% (10 price points)
[48/189] Processing CRM - 8-K on 2025-09-03...
  ✅ Return: -5.34% (10 price points)
[49/189] Processing AON - 8-K on 2025-09-03...
  ✅ Return: -0.55% (10 price points)
[50/189] Processing GOOGL - 8-K on 2025-09-03...
  ✅ Return: +4.40% (10 price points)
[51/189] Processing CI - 8-K on 2025-09-02...
  ✅ Return: +1.71% (10 price points)
[52/189] Processing DOW - 8-K on 2025-09-02...
  ✅ Return: +2.50% (10 price points)
[53/189] Processing TMO - 8-K on 2025-09-02...
  ✅ Return: +0.80% (10 price points)
[54/189] Processing PM - 8-K on 2025-09-02...
  ✅ Return: +0.30% (10 price points)
[55/189] Processing WFC - 8-K on 2025-08-28...
  ✅ Return: -0.18% (9 price points)
[56/189] Processing SF - 8-K on 2025-08-28...
  ✅ Return: -0.59% (9 price points)
[57/189] Processing ULTA - 8-K on 2025-08-28...
  ✅ Return: -0.21% (9 price points)
[58/189] Processing CAT - 8-K on 2025-08-28...
  ✅ Return: -3.38% (9 price points)
[59/189] Processing ECL - 8-K on 2025-08-27...
  ✅ Return: -2.43% (9 price points)
[60/189] Processing WM - 8-K on 2025-08-27...
  ✅ Return: -2.56% (9 price points)
[61/189] Processing A - 8-K on 2025-08-27...
  ✅ Return: +8.48% (9 price points)
[62/189] Processing NVDA - 8-K on 2025-08-27...
  ✅ Return: -8.03% (9 price points)
[63/189] Processing SJM - 10-Q on 2025-08-27...
  ✅ Return: +6.47% (9 price points)
[64/189] Processing CSCO - 8-K on 2025-08-25...
  ✅ Return: +0.79% (9 price points)
[65/189] Processing VZ - 8-K on 2025-08-25...
  ✅ Return: -1.11% (9 price points)
[66/189] Processing AMD - 8-K on 2025-08-25...
  ✅ Return: -0.75% (9 price points)
[67/189] Processing QCOM - 8-K on 2025-08-25...
  ✅ Return: +0.55% (9 price points)
[68/189] Processing PH - 10-K on 2025-08-22...
  ✅ Return: -0.51% (9 price points)
[69/189] Processing MCO - 8-K on 2025-08-21...
  ✅ Return: -0.01% (9 price points)
[70/189] Processing INTU - 8-K on 2025-08-21...
  ✅ Return: -4.24% (9 price points)
[71/189] Processing HWM - 8-K on 2025-08-20...
  ✅ Return: +1.26% (9 price points)
[72/189] Processing PGR - 8-K on 2025-08-20...
  ✅ Return: -2.22% (9 price points)
[73/189] Processing TJX - 8-K on 2025-08-20...
  ✅ Return: -1.20% (9 price points)
[74/189] Processing UNH - 8-K on 2025-08-20...
  ✅ Return: +3.35% (9 price points)
[75/189] Processing KEYS - 8-K on 2025-08-19...
  ✅ Return: +1.87% (9 price points)
[76/189] Processing AJG - 8-K on 2025-08-18...
  ✅ Return: +1.43% (10 price points)
[77/189] Processing AIG - 8-K on 2025-08-18...
  ✅ Return: +2.28% (10 price points)
[78/189] Processing PKG - 8-K on 2025-08-15...
  ✅ Return: +9.41% (10 price points)
[79/189] Processing CVS - 8-K on 2025-08-15...
  ✅ Return: +4.30% (10 price points)
[80/189] Processing EA - 8-K on 2025-08-15...
  ✅ Return: -1.40% (10 price points)
[81/189] Processing MMM - 8-K on 2025-08-15...
  ✅ Return: +2.74% (10 price points)
[82/189] Processing BRO - 8-K on 2025-08-15...
  ✅ Return: +0.74% (10 price points)
[83/189] Processing GILD - 8-K on 2025-08-14...
  ✅ Return: -2.42% (10 price points)
[84/189] Processing CVX - 8-K on 2025-08-13...
  ✅ Return: +1.48% (10 price points)
[85/189] Processing GPC - 8-K on 2025-08-12...
  ✅ Return: +1.17% (10 price points)
[86/189] Processing LRCX - 10-K on 2025-08-11...
  ✅ Return: -2.79% (10 price points)
[87/189] Processing OKE - 8-K on 2025-08-08...
  ✅ Return: -1.29% (10 price points)
[88/189] Processing ORLY - 10-Q on 2025-08-08...
  ✅ Return: -0.26% (10 price points)
[89/189] Processing KLAC - 10-K on 2025-08-08...
  ✅ Return: -4.23% (10 price points)
[90/189] Processing CVX - 10-Q on 2025-08-07...
  ✅ Return: +1.31% (10 price points)
[91/189] Processing COST - 8-K on 2025-08-07...
  ✅ Return: -0.21% (10 price points)
[92/189] Processing MSI - 8-K on 2025-08-07...
  ✅ Return: +3.71% (10 price points)
[93/189] Processing LIN - 8-K on 2025-08-07...
  ✅ Return: +1.75% (10 price points)
[94/189] Processing EXPE - 8-K on 2025-08-07...
  ✅ Return: +10.44% (10 price points)
[95/189] Processing TRGP - 8-K on 2025-08-07...
  ✅ Return: -0.83% (10 price points)
[96/189] Processing COP - 10-Q on 2025-08-07...
  ✅ Return: +3.29% (10 price points)
[97/189] Processing WTRG - 8-K on 2025-08-07...
  ✅ Return: +1.67% (10 price points)
[98/189] Processing CAT - 10-Q on 2025-08-06...
  ✅ Return: -4.66% (10 price points)
[99/189] Processing ROK - 10-Q on 2025-08-06...
  ✅ Return: +4.14% (10 price points)
[100/189] Processing DIS - 10-Q on 2025-08-06...
  ✅ Return: +0.19% (10 price points)
[101/189] Processing CB - 8-K on 2025-08-06...
  ✅ Return: +1.70% (10 price points)
[102/189] Processing REG - 8-K on 2025-08-06...
  ✅ Return: -2.98% (10 price points)
[103/189] Processing MCD - 10-Q on 2025-08-06...
  ✅ Return: +0.41% (10 price points)
[104/189] Processing ADP - 10-K on 2025-08-06...
  ✅ Return: +0.05% (10 price points)
[105/189] Processing VRTX - 10-Q on 2025-08-05...
  ✅ Return: +4.09% (10 price points)
[106/189] Processing PFE - 8-K on 2025-08-05...
  ✅ Return: +1.45% (10 price points)
[107/189] Processing AMGN - 8-K on 2025-08-05...
  ✅ Return: -3.26% (10 price points)
[108/189] Processing LDOS - 8-K on 2025-08-05...
  ✅ Return: +3.18% (10 price points)
[109/189] Processing CTRA - 10-Q on 2025-08-05...
  ✅ Return: -1.03% (10 price points)
[110/189] Processing ETN - 10-Q on 2025-08-05...
  ✅ Return: -0.38% (10 price points)
[111/189] Processing IFF - 8-K on 2025-08-05...
  ✅ Return: -6.94% (10 price points)
[112/189] Processing JPM - 10-Q on 2025-08-05...
  ✅ Return: +0.96% (10 price points)
[113/189] Processing MRK - 10-Q on 2025-08-05...
  ✅ Return: +2.44% (10 price points)
[114/189] Processing TSLA - 8-K on 2025-08-04...
  ✅ Return: +9.74% (10 price points)
[115/189] Processing APH - 8-K on 2025-08-04...
  ✅ Return: +1.10% (10 price points)
[116/189] Processing HCA - 10-Q on 2025-08-04...
  ✅ Return: +7.51% (10 price points)
[117/189] Processing WMB - 10-Q on 2025-08-04...
  ✅ Return: -3.98% (10 price points)
[118/189] Processing WELL - 8-K on 2025-08-04...
  ✅ Return: -3.40% (10 price points)
[119/189] Processing ABBV - 10-Q on 2025-08-04...
  ✅ Return: +2.17% (10 price points)
[120/189] Processing PG - 10-K on 2025-08-04...
  ✅ Return: +3.08% (10 price points)
[121/189] Processing WAT - 10-Q on 2025-08-04...
  ✅ Return: +3.94% (10 price points)
[122/189] Processing XOM - 8-K on 2025-08-01...
  ✅ Return: -3.20% (10 price points)
[123/189] Processing TMO - 10-Q on 2025-08-01...
  ✅ Return: +3.10% (10 price points)
[124/189] Processing LIN - 8-K on 2025-08-01...
  ✅ Return: +3.01% (10 price points)
[125/189] Processing GWW - 8-K on 2025-08-01...
  ✅ Return: +3.03% (10 price points)
[126/189] Processing NEE - 8-K on 2025-08-01...
  ✅ Return: +2.07% (10 price points)
[127/189] Processing LYB - 10-Q on 2025-08-01...
  ✅ Return: -5.90% (10 price points)
[128/189] Processing BSX - 10-Q on 2025-08-01...
  ✅ Return: -2.63% (10 price points)
[129/189] Processing BMY - 8-K on 2025-07-31...
  ✅ Return: +4.73% (10 price points)
[130/189] Processing AMZN - 8-K on 2025-07-31...
  ✅ Return: -4.69% (10 price points)
[131/189] Processing BLDR - 8-K on 2025-07-31...
  ✅ Return: +3.25% (10 price points)
[132/189] Processing DHR - 8-K on 2025-07-31...
  ✅ Return: +0.67% (10 price points)
[133/189] Processing SPGI - 8-K on 2025-07-31...
  ✅ Return: +1.46% (10 price points)
[134/189] Processing KIM - 8-K on 2025-07-31...
  ✅ Return: -0.19% (10 price points)
[135/189] Processing SYK - 8-K on 2025-07-31...
  ✅ Return: -4.17% (10 price points)
[136/189] Processing IR - 8-K on 2025-07-31...
  ✅ Return: -9.87% (10 price points)
[137/189] Processing PRU - 10-Q on 2025-07-31...
  ✅ Return: -2.80% (10 price points)
[138/189] Processing SO - 10-Q on 2025-07-31...
  ✅ Return: +0.92% (10 price points)
[139/189] Processing MAA - 10-Q on 2025-07-31...
  ✅ Return: -0.20% (10 price points)
[140/189] Processing FICO - 10-Q on 2025-07-30...
  ✅ Return: -13.54% (10 price points)
[141/189] Processing TT - 8-K on 2025-07-30...
  ✅ Return: -0.31% (10 price points)
[142/189] Processing CDNS - 10-Q on 2025-07-30...
  ✅ Return: -5.11% (10 price points)
[143/189] Processing EQIX - 8-K on 2025-07-30...
  ✅ Return: -2.61% (10 price points)
[144/189] Processing VRSK - 8-K on 2025-07-30...
  ✅ Return: -3.79% (10 price points)
[145/189] Processing MSFT - 8-K on 2025-07-30...
  ✅ Return: +1.71% (10 price points)
[146/189] Processing META - 8-K on 2025-07-30...
  ✅ Return: +10.66% (10 price points)
[147/189] Processing QCOM - 10-Q on 2025-07-30...
  ✅ Return: -7.23% (10 price points)
[148/189] Processing ADP - 8-K on 2025-07-30...
  ✅ Return: -1.65% (10 price points)
[149/189] Processing WDC - 8-K on 2025-07-30...
  ✅ Return: +4.96% (10 price points)
[150/189] Processing PTC - 8-K on 2025-07-30...
  ✅ Return: +1.44% (10 price points)
[151/189] Processing BKNG - 8-K on 2025-07-29...
  ✅ Return: -2.84% (10 price points)
[152/189] Processing GE - 8-K on 2025-07-29...
  ✅ Return: +0.63% (10 price points)
[153/189] Processing GL - 8-K on 2025-07-29...
  ✅ Return: -1.93% (10 price points)
[154/189] Processing ESS - 8-K on 2025-07-29...
  ✅ Return: -11.58% (10 price points)
[155/189] Processing MDLZ - 8-K on 2025-07-29...
  ✅ Return: -10.49% (10 price points)
[156/189] Processing TXN - 10-Q on 2025-07-29...
  ✅ Return: -2.86% (10 price points)
[157/189] Processing UNP - 8-K on 2025-07-29...
  ✅ Return: -0.50% (10 price points)
[158/189] Processing CARR - 8-K on 2025-07-29...
  ✅ Return: -7.41% (10 price points)
[159/189] Processing AAPL - 8-K on 2025-07-25...
  ✅ Return: -5.12% (10 price points)
[160/189] Processing CME - 8-K on 2025-07-25...
  ✅ Return: +1.81% (10 price points)
[161/189] Processing NEM - 8-K on 2025-07-24...
  ✅ Return: +0.96% (10 price points)
[162/189] Processing GE - 8-K on 2025-07-24...
  ✅ Return: +1.15% (10 price points)
[163/189] Processing NOW - 10-Q on 2025-07-24...
  ✅ Return: -5.33% (10 price points)
[164/189] Processing ALLE - 10-Q on 2025-07-24...
  ✅ Return: +1.37% (10 price points)
[165/189] Processing JNJ - 10-Q on 2025-07-24...
  ✅ Return: -2.84% (10 price points)
[166/189] Processing IBM - 8-K on 2025-07-24...
  ✅ Return: -2.83% (10 price points)
[167/189] Processing RNR - 8-K on 2025-07-23...
  ✅ Return: +1.93% (10 price points)
[168/189] Processing IBM - 8-K on 2025-07-23...
  ✅ Return: -11.33% (10 price points)
[169/189] Processing TDY - 8-K on 2025-07-23...
  ✅ Return: -0.35% (10 price points)
[170/189] Processing NOW - 8-K on 2025-07-23...
  ✅ Return: -4.40% (10 price points)
[171/189] Processing BSX - 8-K on 2025-07-23...
  ✅ Return: -2.18% (10 price points)
[172/189] Processing NOC - 10-Q on 2025-07-22...
  ✅ Return: +2.27% (10 price points)
[173/189] Processing KO - 8-K on 2025-07-22...
  ✅ Return: -2.54% (10 price points)
[174/189] Processing ISRG - 8-K on 2025-07-22...
  ✅ Return: -5.85% (10 price points)
[175/189] Processing EFX - 8-K on 2025-07-22...
  ✅ Return: +0.76% (10 price points)
[176/189] Processing RTX - 8-K on 2025-07-22...
  ✅ Return: +5.63% (10 price points)
[177/189] Processing ARE - 10-Q on 2025-07-21...
  ✅ Return: -0.31% (10 price points)
[178/189] Processing WRB - 8-K on 2025-07-21...
  ✅ Return: +1.64% (10 price points)
[179/189] Processing SCHW - 8-K on 2025-07-18...
  ✅ Return: +2.20% (10 price points)
[180/189] Processing SNA - 8-K on 2025-07-17...
  ✅ Return: -2.21% (10 price points)
[181/189] Processing MMC - 8-K on 2025-07-17...
  ✅ Return: -1.29% (10 price points)
[182/189] Processing ABT - 8-K on 2025-07-17...
  ✅ Return: +4.26% (10 price points)
[183/189] Processing GS - 8-K on 2025-07-16...
  ✅ Return: +2.84% (10 price points)
[184/189] Processing BLK - 8-K on 2025-07-15...
  ✅ Return: +6.90% (10 price points)
[185/189] Processing A - 8-K on 2025-07-15...
  ✅ Return: +6.56% (10 price points)
[186/189] Processing ADBE - 10-Q on 2025-06-25...
  ✅ Return: -2.34% (9 price points)
[187/189] Processing ADBE - 8-K on 2025-06-12...
  ✅ Return: -8.62% (9 price points)
[188/189] Processing SPGI - 8-K on 2025-05-12...
  ✅ Return: -1.56% (10 price points)
[189/189] Processing ABT - 8-K on 2025-05-01...
  ✅ Return: +2.38% (10 price points)

============================================================
Stock Price Backfill Complete
============================================================
Processed: 189
Success: 189
Skipped: 0
Errors: 0
============================================================

