📈 Starting stock price backfill...

Found 164 filings to process

[1/164] Processing SLB - 8-K on 2025-10-10...
[Deprecated] historical() relies on an API that Yahoo have removed.  We'll map this request to chart() for convenience, but, please consider using chart() directly instead; for more info see https://github.com/gadicc/node-yahoo-finance2/issues/795.  This will only be shown once, but you can suppress this message in future with `yahooFinance.suppressNotices(['ripHistorical'])`.
  ✅ Return: 0.00% (2 price points)
[2/164] Processing ACN - 10-K on 2025-10-10...
  ✅ Return: 0.00% (2 price points)
[3/164] Processing ZTS - 8-K on 2025-10-09...
  ✅ Return: -1.59% (3 price points)
[4/164] Processing PEP - 8-K on 2025-10-09...
  ✅ Return: +3.71% (3 price points)
[5/164] Processing GLW - 8-K on 2025-10-08...
  ✅ Return: -4.70% (4 price points)
[6/164] Processing AZO - 8-K on 2025-10-08...
  ✅ Return: +1.18% (4 price points)
[7/164] Processing CTAS - 10-Q on 2025-10-08...
  ✅ Return: -5.46% (4 price points)
[8/164] Processing NRG - 8-K on 2025-10-08...
  ✅ Return: -4.23% (4 price points)
[9/164] Processing TMO - 8-K on 2025-10-07...
  ✅ Return: -2.67% (5 price points)
[10/164] Processing VOYA - 8-K on 2025-10-07...
  ✅ Return: -3.34% (5 price points)
[11/164] Processing AMD - 8-K on 2025-10-06...
  ✅ Return: +5.49% (6 price points)
[12/164] Processing XOM - 8-K on 2025-10-06...
  ✅ Return: -3.04% (6 price points)
[13/164] Processing GILD - 8-K on 2025-10-06...
  ✅ Return: +3.17% (6 price points)
[14/164] Processing VZ - 8-K on 2025-10-06...
  ✅ Return: -3.84% (6 price points)
[15/164] Processing VST - 8-K on 2025-10-06...
  ✅ Return: -1.77% (6 price points)
[16/164] Processing ABBV - 8-K on 2025-10-03...
  ✅ Return: -1.46% (7 price points)
[17/164] Processing OXY - 8-K on 2025-10-03...
  ✅ Return: -6.02% (7 price points)
[18/164] Processing AEE - 8-K on 2025-10-03...
  ✅ Return: -0.07% (7 price points)
[19/164] Processing MU - 10-K on 2025-10-03...
  ✅ Return: -3.32% (7 price points)
[20/164] Processing ROK - 8-K on 2025-10-03...
  ✅ Return: -4.48% (7 price points)
[21/164] Processing AIG - 8-K on 2025-10-03...
  ✅ Return: +0.35% (7 price points)
[22/164] Processing AMAT - 8-K on 2025-10-02...
  ✅ Return: -1.47% (8 price points)
[23/164] Processing GE - 8-K on 2025-10-01...
  ✅ Return: -3.12% (9 price points)
[24/164] Processing NKE - 10-Q on 2025-10-01...
  ✅ Return: -12.10% (9 price points)
[25/164] Processing WMB - 8-K on 2025-10-01...
  ✅ Return: -1.70% (9 price points)
[26/164] Processing ORLY - 8-K on 2025-10-01...
  ✅ Return: -3.34% (9 price points)
[27/164] Processing DIS - 8-K on 2025-10-01...
  ✅ Return: -3.33% (9 price points)
[28/164] Processing RCL - 8-K on 2025-10-01...
  ✅ Return: -3.61% (9 price points)
[29/164] Processing MSFT - 8-K on 2025-09-30...
  ✅ Return: +0.86% (10 price points)
[30/164] Processing CCL - 8-K on 2025-09-30...
  ✅ Return: -1.59% (10 price points)
[31/164] Processing MS - 8-K on 2025-09-30...
  ✅ Return: -1.69% (10 price points)
[32/164] Processing PRU - 8-K on 2025-09-30...
  ✅ Return: -1.14% (10 price points)
[33/164] Processing NSC - 8-K on 2025-09-29...
  ✅ Return: -1.00% (10 price points)
[34/164] Processing EA - 8-K on 2025-09-29...
  ✅ Return: -1.01% (10 price points)
[35/164] Processing V - 8-K on 2025-09-29...
  ✅ Return: +3.29% (10 price points)
[36/164] Processing SYF - 8-K on 2025-09-29...
  ✅ Return: -3.21% (10 price points)
[37/164] Processing CSX - 8-K on 2025-09-29...
  ✅ Return: +0.33% (10 price points)
[38/164] Processing LIN - 8-K on 2025-09-29...
  ✅ Return: -1.82% (10 price points)
[39/164] Processing AXP - 8-K on 2025-09-29...
  ✅ Return: -5.40% (10 price points)
[40/164] Processing AVGO - 8-K on 2025-09-29...
  ✅ Return: +5.37% (10 price points)
[41/164] Processing NEM - 8-K on 2025-09-29...
  ✅ Return: +4.57% (10 price points)
[42/164] Processing ETN - 8-K on 2025-09-29...
  ✅ Return: +2.60% (10 price points)
[43/164] Processing LCII - 8-K on 2025-09-29...
  ✅ Return: -5.25% (10 price points)
[44/164] Processing CPRT - 10-K on 2025-09-26...
  ✅ Return: -1.43% (10 price points)
[45/164] Processing NOW - 8-K on 2025-09-26...
  ✅ Return: -3.39% (10 price points)
[46/164] Processing ORCL - 8-K on 2025-09-26...
  ✅ Return: +0.28% (10 price points)
[47/164] Processing COST - 8-K on 2025-09-25...
  ✅ Return: -2.81% (10 price points)
[48/164] Processing SF - 8-K on 2025-09-25...
  ✅ Return: +0.15% (10 price points)
[49/164] Processing CVX - 8-K on 2025-09-25...
  ✅ Return: -4.57% (10 price points)
[50/164] Processing C - 8-K on 2025-09-24...
  ✅ Return: -3.85% (10 price points)
[51/164] Processing T - 8-K on 2025-09-24...
  ✅ Return: -4.45% (10 price points)
[52/164] Processing JCI - 8-K on 2025-09-24...
  ✅ Return: +2.11% (10 price points)
[53/164] Processing ADBE - 10-Q on 2025-09-24...
  ✅ Return: -1.85% (10 price points)
[54/164] Processing AMT - 8-K on 2025-09-24...
  ✅ Return: -1.41% (10 price points)
[55/164] Processing TMUS - 8-K on 2025-09-24...
  ✅ Return: -3.41% (10 price points)
[56/164] Processing RTX - 8-K on 2025-09-24...
  ✅ Return: +3.22% (10 price points)
[57/164] Processing BK - 8-K on 2025-09-23...
  ✅ Return: -2.10% (10 price points)
[58/164] Processing WMT - 8-K on 2025-09-22...
  ✅ Return: -0.84% (10 price points)
[59/164] Processing CVS - 8-K on 2025-09-22...
  ✅ Return: +2.32% (10 price points)
[60/164] Processing HPE - 8-K on 2025-09-22...
  ✅ Return: -0.91% (10 price points)
[61/164] Processing CNX - 8-K on 2025-09-22...
  ✅ Return: +14.06% (10 price points)
[62/164] Processing CTRA - 8-K on 2025-09-22...
  ✅ Return: +3.72% (10 price points)
[63/164] Processing BKNG - 8-K on 2025-09-19...
  ✅ Return: -0.83% (10 price points)
[64/164] Processing PM - 8-K on 2025-09-19...
  ✅ Return: -0.46% (10 price points)
[65/164] Processing TXN - 8-K on 2025-09-18...
  ✅ Return: +0.23% (10 price points)
[66/164] Processing AJG - 8-K on 2025-09-18...
  ✅ Return: +2.14% (10 price points)
[67/164] Processing INDB - 8-K on 2025-09-18...
  ✅ Return: -3.34% (10 price points)
[68/164] Processing PGR - 8-K on 2025-09-17...
  ✅ Return: -0.05% (10 price points)
[69/164] Processing BAC - 8-K on 2025-09-15...
  ✅ Return: +2.19% (10 price points)
[70/164] Processing WFC - 8-K on 2025-09-15...
  ✅ Return: +3.32% (10 price points)
[71/164] Processing HD - 8-K on 2025-09-15...
  ✅ Return: -3.06% (10 price points)
[72/164] Processing JPM - 8-K on 2025-09-12...
  ✅ Return: +1.90% (10 price points)
[73/164] Processing CME - 8-K on 2025-09-11...
  ✅ Return: -0.68% (10 price points)
[74/164] Processing LRCX - 8-K on 2025-09-11...
  ✅ Return: +9.29% (10 price points)
[75/164] Processing LYB - 8-K on 2025-09-11...
  ✅ Return: -5.01% (10 price points)
[76/164] Processing UNP - 8-K on 2025-09-10...
  ✅ Return: +2.52% (10 price points)
[77/164] Processing DHR - 8-K on 2025-09-10...
  ✅ Return: +0.36% (10 price points)
[78/164] Processing JNJ - 8-K on 2025-09-09...
  ✅ Return: -1.58% (10 price points)
[79/164] Processing MRK - 8-K on 2025-09-09...
  ✅ Return: -3.64% (10 price points)
[80/164] Processing UNH - 8-K on 2025-09-08...
  ✅ Return: +6.67% (10 price points)
[81/164] Processing REG - 8-K on 2025-09-08...
  ✅ Return: -4.54% (10 price points)
[82/164] Processing DOW - 8-K on 2025-09-08...
  ✅ Return: +2.34% (10 price points)
[83/164] Processing GOOGL - 8-K on 2025-09-05...
  ✅ Return: +6.88% (10 price points)
[84/164] Processing TSLA - 8-K on 2025-09-05...
  ✅ Return: +20.17% (10 price points)
[85/164] Processing CDNS - 8-K on 2025-09-04...
  ✅ Return: +1.54% (10 price points)
[86/164] Processing MAA - 8-K on 2025-09-04...
  ✅ Return: +0.06% (10 price points)
[87/164] Processing CARR - 8-K on 2025-09-04...
  ✅ Return: -1.95% (10 price points)
[88/164] Processing BSX - 8-K on 2025-09-04...
  ✅ Return: -2.75% (10 price points)
[89/164] Processing GPC - 8-K on 2025-09-04...
  ✅ Return: +1.08% (10 price points)
[90/164] Processing CI - 8-K on 2025-09-04...
  ✅ Return: +0.61% (10 price points)
[91/164] Processing CRM - 10-Q on 2025-09-04...
  ✅ Return: +0.93% (10 price points)
[92/164] Processing INTU - 10-K on 2025-09-03...
  ✅ Return: -3.39% (10 price points)
[93/164] Processing CAT - 8-K on 2025-09-03...
  ✅ Return: +3.95% (10 price points)
[94/164] Processing CSCO - 10-K on 2025-09-03...
  ✅ Return: -1.68% (10 price points)
[95/164] Processing NOC - 8-K on 2025-09-02...
  ✅ Return: -1.08% (10 price points)
[96/164] Processing PKG - 8-K on 2025-09-02...
  ✅ Return: +0.27% (10 price points)
[97/164] Processing PH - 8-K on 2025-09-02...
  ✅ Return: +2.63% (10 price points)
[98/164] Processing QCOM - 8-K on 2025-09-02...
  ✅ Return: +1.72% (10 price points)
[99/164] Processing TJX - 10-Q on 2025-08-29...
  ✅ Return: +2.46% (9 price points)
[100/164] Processing A - 10-Q on 2025-08-29...
  ✅ Return: +0.47% (9 price points)
[101/164] Processing KEYS - 10-Q on 2025-08-29...
  ✅ Return: +3.47% (9 price points)
[102/164] Processing FICO - 8-K on 2025-08-28...
  ✅ Return: +0.83% (9 price points)
[103/164] Processing ULTA - 10-Q on 2025-08-28...
  ✅ Return: -0.21% (9 price points)
[104/164] Processing UMBF - 8-K on 2025-08-27...
  ✅ Return: +1.20% (9 price points)
[105/164] Processing NVDA - 10-Q on 2025-08-27...
  ✅ Return: -8.03% (9 price points)
[106/164] Processing WTRG - 8-K on 2025-08-27...
  ✅ Return: -1.21% (9 price points)
[107/164] Processing MCD - 8-K on 2025-08-27...
  ✅ Return: +0.95% (9 price points)
[108/164] Processing SJM - 8-K on 2025-08-27...
  ✅ Return: +6.47% (9 price points)
[109/164] Processing APH - 8-K on 2025-08-25...
  ✅ Return: +0.87% (9 price points)
[110/164] Processing FTNT - 8-K on 2025-08-22...
  ✅ Return: -4.30% (9 price points)
[111/164] Processing BRO - 8-K on 2025-08-22...
  ✅ Return: -1.42% (9 price points)
[112/164] Processing VRSK - 8-K on 2025-08-21...
  ✅ Return: -2.10% (9 price points)
[113/164] Processing MAR - 8-K on 2025-08-20...
  ✅ Return: +1.64% (9 price points)
[114/164] Processing NEE - 8-K on 2025-08-20...
  ✅ Return: -5.42% (9 price points)
[115/164] Processing LLY - 8-K on 2025-08-20...
  ✅ Return: +3.85% (9 price points)
[116/164] Processing WDC - 10-K on 2025-08-14...
  ✅ Return: -2.07% (10 price points)
[117/164] Processing EQIX - 8-K on 2025-08-14...
  ✅ Return: -0.41% (10 price points)
[118/164] Processing PG - 8-K on 2025-08-14...
  ✅ Return: +3.25% (10 price points)
[119/164] Processing OKE - 8-K on 2025-08-13...
  ✅ Return: -0.65% (10 price points)
[120/164] Processing SCHW - 10-Q on 2025-08-08...
  ✅ Return: -1.36% (10 price points)
[121/164] Processing EXPE - 10-Q on 2025-08-08...
  ✅ Return: +6.55% (10 price points)
[122/164] Processing TRGP - 10-Q on 2025-08-07...
  ✅ Return: -0.83% (10 price points)
[123/164] Processing URI - 8-K on 2025-08-07...
  ✅ Return: +7.82% (10 price points)
[124/164] Processing IFF - 8-K on 2025-08-07...
  ✅ Return: +2.32% (10 price points)
[125/164] Processing AMGN - 10-Q on 2025-08-06...
  ✅ Return: +4.15% (10 price points)
[126/164] Processing BLK - 10-Q on 2025-08-06...
  ✅ Return: +1.29% (10 price points)
[127/164] Processing GL - 10-Q on 2025-08-06...
  ✅ Return: -4.11% (10 price points)
[128/164] Processing GNRC - 10-Q on 2025-08-05...
  ✅ Return: +0.86% (10 price points)
[129/164] Processing LDOS - 10-Q on 2025-08-05...
  ✅ Return: +3.18% (10 price points)
[130/164] Processing PFE - 10-Q on 2025-08-05...
  ✅ Return: +1.45% (10 price points)
[131/164] Processing WAT - 8-K on 2025-08-04...
  ✅ Return: +3.94% (10 price points)
[132/164] Processing WRB - 10-Q on 2025-08-04...
  ✅ Return: +1.23% (10 price points)
[133/164] Processing CAKE - 10-Q on 2025-08-04...
  ✅ Return: +3.50% (10 price points)
[134/164] Processing KIM - 10-Q on 2025-08-01...
  ✅ Return: +1.88% (10 price points)
[135/164] Processing SYK - 10-Q on 2025-08-01...
  ✅ Return: -0.31% (10 price points)
[136/164] Processing SPGI - 10-Q on 2025-08-01...
  ✅ Return: +2.46% (10 price points)
[137/164] Processing CL - 8-K on 2025-08-01...
  ✅ Return: +1.75% (10 price points)
[138/164] Processing GS - 10-Q on 2025-08-01...
  ✅ Return: +4.76% (10 price points)
[139/164] Processing GWW - 10-Q on 2025-08-01...
  ✅ Return: +3.03% (10 price points)
[140/164] Processing AMZN - 10-Q on 2025-08-01...
  ✅ Return: +3.13% (10 price points)
[141/164] Processing BLDR - 10-Q on 2025-07-31...
  ✅ Return: +3.25% (10 price points)
[142/164] Processing MGPI - 8-K on 2025-07-31...
  ✅ Return: -1.13% (10 price points)
[143/164] Processing PTC - 10-Q on 2025-07-31...
  ✅ Return: -4.03% (10 price points)
[144/164] Processing MA - 10-Q on 2025-07-31...
  ✅ Return: -0.93% (10 price points)
[145/164] Processing AAPL - 8-K on 2025-07-31...
  ✅ Return: +6.00% (10 price points)
[146/164] Processing IR - 10-Q on 2025-07-31...
  ✅ Return: -9.87% (10 price points)
[147/164] Processing META - 10-Q on 2025-07-31...
  ✅ Return: -1.50% (10 price points)
[148/164] Processing ESS - 10-Q on 2025-07-30...
  ✅ Return: -5.17% (10 price points)
[149/164] Processing ABT - 10-Q on 2025-07-30...
  ✅ Return: +4.46% (10 price points)
[150/164] Processing RSG - 10-Q on 2025-07-30...
  ✅ Return: +1.52% (10 price points)
[151/164] Processing MAT - 10-Q on 2025-07-29...
  ✅ Return: -0.69% (10 price points)
[152/164] Processing MDLZ - 10-Q on 2025-07-29...
  ✅ Return: -10.49% (10 price points)
[153/164] Processing TDY - 10-Q on 2025-07-28...
  ✅ Return: -1.44% (10 price points)
[154/164] Processing IBM - 10-Q on 2025-07-24...
  ✅ Return: -2.83% (10 price points)
[155/164] Processing HLX - 10-Q on 2025-07-24...
  ✅ Return: -1.00% (10 price points)
[156/164] Processing RNR - 10-Q on 2025-07-24...
  ✅ Return: +1.98% (10 price points)
[157/164] Processing ALLE - 8-K on 2025-07-24...
  ✅ Return: +1.37% (10 price points)
[158/164] Processing KO - 10-Q on 2025-07-24...
  ✅ Return: -1.75% (10 price points)
[159/164] Processing GD - 8-K on 2025-07-23...
  ✅ Return: -1.96% (10 price points)
[160/164] Processing ISRG - 10-Q on 2025-07-23...
  ✅ Return: -3.75% (10 price points)
[161/164] Processing EFX - 10-Q on 2025-07-22...
  ✅ Return: +0.76% (10 price points)
[162/164] Processing ARE - 8-K on 2025-07-21...
  ✅ Return: -0.31% (10 price points)
[163/164] Processing NFLX - 10-Q on 2025-07-18...
  ✅ Return: -3.35% (10 price points)
[164/164] Processing SNA - 10-Q on 2025-07-17...
  ✅ Return: -2.21% (10 price points)

============================================================
Stock Price Backfill Complete
============================================================
Processed: 164
Success: 164
Skipped: 0
Errors: 0
============================================================

